[11:03:15.517394 DEBUG] [openstudio.workflow.OSWorkflow] Removing existing run directory: C:/Users/GF/AppData/Local/Temp/osmodel-2b16-c446-1841-33c3-1716087791-0/resources/run
[11:03:15.518392 DEBUG] [openstudio.workflow.OSWorkflow] Registering that the workflow has started with the adapter
[11:03:15.518392 DEBUG] [openstudio.workflow.OSWorkflow] Initialization - selected = true
[11:03:15.519389 DEBUG] [openstudio.workflow.OSWorkflow] The root_dir for the datapoint is C:/Users/GF/AppData/Local/Temp/osmodel-2b16-c446-1841-33c3-1716087791-0/resources
[11:03:15.519389 DEBUG] [openstudio.workflow.OSWorkflow] Removing existing generated files directory: C:/Users/GF/AppData/Local/Temp/osmodel-2b16-c446-1841-33c3-1716087791-0/resources/generated_files
[11:03:15.519389 DEBUG] [openstudio.workflow.OSWorkflow] Creating generated files directory: C:/Users/GF/AppData/Local/Temp/osmodel-2b16-c446-1841-33c3-1716087791-0/resources/generated_files
[11:03:15.520387 DEBUG] [openstudio.workflow.OSWorkflow] Removing existing reports directory: C:/Users/GF/AppData/Local/Temp/osmodel-2b16-c446-1841-33c3-1716087791-0/resources/reports
[11:03:15.521403 DEBUG] [openstudio.workflow.OSWorkflow] Finding and loading the seed file
[11:03:15.528365 INFO] [openstudio.worklow.Util] Loading OSM model
[11:03:15.528365 INFO] [openstudio.worklow.Util] Reading in OSM model C:/Users/GF/AppData/Local/Temp/osmodel-2b16-c446-1841-33c3-1716087791-0/simple_house.osm
[11:03:15.541331 DEBUG] [openstudio.osversion.VersionTranslator] Starting translation from Version 3.7.0.
[11:03:15.587253 DEBUG] [openstudio.osversion.VersionTranslator] Initial model has 1003 objects.
[11:03:15.587253 DEBUG] [openstudio.osversion.VersionTranslator] Final model has 1003 objects in IDF form.
[11:03:15.611179 DEBUG] [utilities.idf.Workspace] Workspace::isValid called.
[11:03:15.703934 DEBUG] [openstudio.osversion.VersionTranslator] Final model has 1003 objects in Model form.
[11:03:15.710912 DEBUG] [openstudio.workflow.OSWorkflow] Initialize the weather file from osw
[11:03:15.710912 DEBUG] [openstudio.workflow.OSWorkflow] Search for weather file defined by osw TWN_Taipei.466960_IWEC.epw
[11:03:15.723842 DEBUG] [openstudio.EpwFile] No Daylightings Saving start Date
[11:03:15.727832 WARN] [openstudio.EpwFile] Successive data points (1995-Jan-31 to 1988-Feb-01, ending on line 753) are greater than 1 day apart in EPW file 'C:/Users/GF/AppData/Local/Temp/osmodel-2b16-c446-1841-33c3-1716087791-0/resources/files/TWN_Taipei.466960_IWEC.epw'. Data will be treated as typical (TMY)
[11:03:15.769731 INFO] [openstudio.XMLValidator] Treating schema as a regular XSD
[11:03:15.785708 DEBUG] [openstudio.workflow.OSWorkflow] OpenStudioMeasures - selected = true
[11:03:15.785708 INFO] [openstudio.workflow.OSWorkflow] Beginning to execute OpenStudio Measures
[11:03:15.785708 DEBUG] [openstudio.workflow.OSWorkflow] Finding measures of type ModelMeasure
[11:03:15.786675 INFO] [openstudio.workflow.OSWorkflow] Finished applying OpenStudio Measures.
[11:03:15.849507 DEBUG] [openstudio.workflow.OSWorkflow] Translator - selected = true
[11:03:15.852498 INFO] [openstudio.workflow.OSWorkflow] Beginning the translation to IDF
[11:03:15.866340 INFO] [openstudio.energyplus.ForwardTranslator] SpaceType 189.1-2009 - Office - Vending - CZ4-8 is not referenced by any space, it will not be translated.
[11:03:15.867338 INFO] [openstudio.energyplus.ForwardTranslator] SpaceType 189.1-2009 - Office - BreakRoom - CZ1-3 is not referenced by any space, it will not be translated.
[11:03:15.867338 INFO] [openstudio.energyplus.ForwardTranslator] SpaceType 189.1-2009 - Office - IT_Room - CZ4-8 is not referenced by any space, it will not be translated.
[11:03:15.868335 INFO] [openstudio.energyplus.ForwardTranslator] SpaceType 189.1-2009 - Office - Lobby - CZ1-3 is not referenced by any space, it will not be translated.
[11:03:15.868335 INFO] [openstudio.energyplus.ForwardTranslator] SpaceType 189.1-2009 - Office - ClosedOffice - CZ1-3 is not referenced by any space, it will not be translated.
[11:03:15.869336 INFO] [openstudio.energyplus.ForwardTranslator] SpaceType 189.1-2009 - Office - OpenOffice - CZ1-3 is not referenced by any space, it will not be translated.
[11:03:15.870336 INFO] [openstudio.energyplus.ForwardTranslator] SpaceType 189.1-2009 - Office - Conference - CZ1-3 is not referenced by any space, it will not be translated.
[11:03:15.871327 INFO] [openstudio.energyplus.ForwardTranslator] SpaceType 189.1-2009 - Office - Corridor - CZ1-3 is not referenced by any space, it will not be translated.
[11:03:15.871327 INFO] [openstudio.energyplus.ForwardTranslator] SpaceType 189.1-2009 - Office - WholeBuilding - Md Office - CZ1-3 is not referenced by any space, it will not be translated.
[11:03:15.871327 INFO] [openstudio.energyplus.ForwardTranslator] SpaceType 189.1-2009 - Office - Elec/MechRoom - CZ1-3 is not referenced by any space, it will not be translated.
[11:03:15.872325 INFO] [openstudio.energyplus.ForwardTranslator] SpaceType 189.1-2009 - Office - IT_Room - CZ1-3 is not referenced by any space, it will not be translated.
[11:03:15.872325 INFO] [openstudio.energyplus.ForwardTranslator] SpaceType 189.1-2009 - Office - WholeBuilding - Sm Office - CZ1-3 is not referenced by any space, it will not be translated.
[11:03:15.872325 INFO] [openstudio.energyplus.ForwardTranslator] SpaceType 189.1-2009 - Office - PrintRoom - CZ1-3 is not referenced by any space, it will not be translated.
[11:03:15.873322 INFO] [openstudio.energyplus.ForwardTranslator] SpaceType 189.1-2009 - Office - Restroom - CZ1-3 is not referenced by any space, it will not be translated.
[11:03:15.873322 INFO] [openstudio.energyplus.ForwardTranslator] SpaceType 189.1-2009 - Office - Stair - CZ1-3 is not referenced by any space, it will not be translated.
[11:03:15.873322 INFO] [openstudio.energyplus.ForwardTranslator] SpaceType 189.1-2009 - Office - Corridor - CZ4-8 is not referenced by any space, it will not be translated.
[11:03:15.874318 INFO] [openstudio.energyplus.ForwardTranslator] SpaceType 189.1-2009 - Office - Storage - CZ1-3 is not referenced by any space, it will not be translated.
[11:03:15.874318 INFO] [openstudio.energyplus.ForwardTranslator] SpaceType 189.1-2009 - Office - PrintRoom - CZ4-8 is not referenced by any space, it will not be translated.
[11:03:15.875318 INFO] [openstudio.energyplus.ForwardTranslator] SpaceType 189.1-2009 - Office - WholeBuilding - Lg Office - CZ1-3 is not referenced by any space, it will not be translated.
[11:03:15.875318 INFO] [openstudio.energyplus.ForwardTranslator] SpaceType 189.1-2009 - Office - Vending - CZ1-3 is not referenced by any space, it will not be translated.
[11:03:15.876317 INFO] [openstudio.energyplus.ForwardTranslator] SpaceType 189.1-2009 - Office - BreakRoom - CZ4-8 is not referenced by any space, it will not be translated.
[11:03:15.876317 INFO] [openstudio.energyplus.ForwardTranslator] SpaceType 189.1-2009 - Office - ClosedOffice - CZ4-8 is not referenced by any space, it will not be translated.
[11:03:15.876317 INFO] [openstudio.energyplus.ForwardTranslator] SpaceType 189.1-2009 - Office - Conference - CZ4-8 is not referenced by any space, it will not be translated.
[11:03:15.877311 INFO] [openstudio.energyplus.ForwardTranslator] SpaceType 189.1-2009 - Office - WholeBuilding - Sm Office - CZ4-8 is not referenced by any space, it will not be translated.
[11:03:15.877311 INFO] [openstudio.energyplus.ForwardTranslator] SpaceType 189.1-2009 - Office - WholeBuilding - Md Office - CZ4-8 is not referenced by any space, it will not be translated.
[11:03:15.878308 INFO] [openstudio.energyplus.ForwardTranslator] SpaceType 189.1-2009 - Office - Elec/MechRoom - CZ4-8 is not referenced by any space, it will not be translated.
[11:03:15.878308 INFO] [openstudio.energyplus.ForwardTranslator] SpaceType 189.1-2009 - Office - Lobby - CZ4-8 is not referenced by any space, it will not be translated.
[11:03:15.878308 INFO] [openstudio.energyplus.ForwardTranslator] SpaceType 189.1-2009 - Office - Restroom - CZ4-8 is not referenced by any space, it will not be translated.
[11:03:15.879305 INFO] [openstudio.energyplus.ForwardTranslator] SpaceType 189.1-2009 - Office - Stair - CZ4-8 is not referenced by any space, it will not be translated.
[11:03:15.879305 INFO] [openstudio.energyplus.ForwardTranslator] SpaceType 189.1-2009 - Office - Storage - CZ4-8 is not referenced by any space, it will not be translated.
[11:03:15.879305 INFO] [openstudio.energyplus.ForwardTranslator] SpaceType 189.1-2009 - Office - WholeBuilding - Lg Office - CZ4-8 is not referenced by any space, it will not be translated.
[11:03:15.925214 WARN] [openstudio.energyplus.ForwardTranslator] Object of type 'OS:ShadingControl' and named 'Shading Control 1' does not control any SubSurfaces, it will not be translated
[11:03:15.952142 WARN] [openstudio.energyplus.ForwardTranslator] OS_ProgramControl is not currently translated
[11:03:15.979070 WARN] [utilities.idf.WorkspaceObject] Object of type 'Schedule:Constant' and named 'Always Off Discrete', points to an object named OnOff from field 1, but that object cannot be located.
[11:03:15.980067 WARN] [utilities.idf.WorkspaceObject] Object of type 'Schedule:Constant' and named 'Always On Continuous', points to an object named Fractional 1 from field 1, but that object cannot be located.
[11:03:15.983059 INFO] [openstudio.workflow.OSWorkflow] Successfully translated to IDF
[11:03:15.983059 DEBUG] [openstudio.workflow.OSWorkflow] EnergyPlusMeasures - selected = true
[11:03:15.984057 INFO] [openstudio.workflow.OSWorkflow] Beginning to execute EnergyPlus Measures.
[11:03:15.984057 DEBUG] [openstudio.workflow.OSWorkflow] Finding measures of type EnergyPlusMeasure
[11:03:15.984057 INFO] [openstudio.workflow.OSWorkflow] Finished applying EnergyPlus Measures.
[11:03:15.985066 DEBUG] [openstudio.workflow.OSWorkflow] PreProcess - selected = true
[11:03:16.013978 INFO] [openstudio.workflow.OSWorkflow] Beginning to collect output requests from Reporting measures.
[11:03:16.013978 DEBUG] [openstudio.workflow.OSWorkflow] Finding measures of type ReportingMeasure
[11:03:16.013978 DEBUG] [openstudio.workflow.OSWorkflow] Running step 0
[11:03:16.014975 DEBUG] [openstudio.workflow.OSWorkflow] Find model's weather file and update LastEpwFilePath
[11:03:16.014975 DEBUG] [openstudio.workflow.OSWorkflow] Search for weather file C:/Users/GF/AppData/Local/Temp/osmodel-2b16-c446-1841-33c3-1716087791-0/resources/files/TWN_Taipei.466960_IWEC.epw
[11:03:16.016969 DEBUG] [openstudio.workflow.OSWorkflow] Creating run directory for measure in 'C:/Users/GF/AppData/Local/Temp/osmodel-2b16-c446-1841-33c3-1716087791-0/resources/run/000_OpenStudioResults'
[11:03:16.021956 INFO] [openstudio.XMLValidator] Treating schema as a regular XSD
[11:03:16.041902 DEBUG] [openstudio.workflow.OSWorkflow] Found OpenStudioResults at primaryScriptPath: 'C:/Users/GF/AppData/Local/Temp/osmodel-2b16-c446-1841-33c3-1716087791-0/resources/measures/OpenStudioResults/measure.rb'
[11:03:16.042900 DEBUG] [openstudio.workflow.OSWorkflow] Class Name: OpenStudioResults
[11:03:16.042900 DEBUG] [openstudio.workflow.OSWorkflow] Measure Script Path: C:/Users/GF/AppData/Local/Temp/osmodel-2b16-c446-1841-33c3-1716087791-0/resources/measures/OpenStudioResults/measure.rb
[11:03:16.042900 DEBUG] [openstudio.workflow.OSWorkflow] Measure Type: ReportingMeasure
[11:03:16.042900 DEBUG] [openstudio.workflow.OSWorkflow] Measure Language: Ruby
[11:03:16.042900 DEBUG] [ApplicationPathHelpers] getOpenStudioModule, szPath = 'C:\openstudioapplication-1.7.1\bin\openstudiolib.dll'
[11:03:16.042900 DEBUG] [PathHelpers] completeAndNormalize: result = C:/openstudioapplication-1.7.1/bin/openstudiolib.dll
[11:03:16.043900 DEBUG] [ApplicationPathHelpers] getOpenStudioModule, found 'C:/openstudioapplication-1.7.1/bin/openstudiolib.dll'
[11:03:25.869985 DEBUG] [openstudio.workflow.OSWorkflow] measure->name()= 'OpenStudio Results'
[11:03:25.870973 DEBUG] [openstudio.workflow.OSWorkflow] Current step has 0 arguments
[11:03:25.874957 INFO] [openstudio.standards.standard] Using OpenStudio Standards version 0.5.0 with template 90.1-2013.
[11:03:25.874957 INFO] [openstudio.standards.standard] Loading OpenStudio Standards data for 90.1-2013
[11:03:25.874957 DEBUG] [openstudio.standards.standard] Loading JSON files from OpenStudio CLI embedded directory :/ruby/2.7.0/gems/openstudio-standards-0.5.0/lib/openstudio-standards/standards/ashrae_90_1
[11:03:25.879915 DEBUG] [openstudio.standards.standard] Adding hvac_inference from Any.hvac_inference.json
[11:03:25.879915 DEBUG] [openstudio.standards.standard] Adding size_category from Any.size_category.json
[11:03:25.879915 DEBUG] [openstudio.standards.standard] Adding climate_zone_sets from ashrae_90_1.climate_zone_sets.json
[11:03:25.879915 DEBUG] [openstudio.standards.standard] Adding climate_zones from ashrae_90_1.climate_zones.json
[11:03:25.881938 DEBUG] [openstudio.standards.standard] Adding constructions from ashrae_90_1.constructions.json
[11:03:25.893909 DEBUG] [openstudio.standards.standard] Adding curves from ashrae_90_1.curves.json
[11:03:25.893909 DEBUG] [openstudio.standards.standard] Adding entryways from ashrae_90_1.entryways.json
[11:03:25.894904 DEBUG] [openstudio.standards.standard] Adding fans from ashrae_90_1.fans.json
[11:03:25.927819 DEBUG] [openstudio.standards.standard] Adding materials from ashrae_90_1.materials.json
[11:03:25.927819 DEBUG] [openstudio.standards.standard] Adding parking from ashrae_90_1.parking.json
[11:03:26.095376 DEBUG] [openstudio.standards.standard] Adding schedules from ashrae_90_1.schedules.json
[11:03:26.097368 DEBUG] [openstudio.standards.standard] Loading JSON files from OpenStudio CLI embedded directory :/ruby/2.7.0/gems/openstudio-standards-0.5.0/lib/openstudio-standards/standards/ashrae_90_1/ashrae_90_1_2013
[11:03:26.109302 DEBUG] [openstudio.standards.standard] Adding boilers from ashrae_90_1_2013.boilers.json
[11:03:26.111328 DEBUG] [openstudio.standards.standard] Adding chillers from ashrae_90_1_2013.chillers.json
[11:03:26.126290 DEBUG] [openstudio.standards.standard] Adding construction_properties from ashrae_90_1_2013.construction_properties.json
[11:03:26.131256 DEBUG] [openstudio.standards.standard] Adding construction_sets from ashrae_90_1_2013.construction_sets.json
[11:03:26.131256 DEBUG] [openstudio.standards.standard] Adding economizers from ashrae_90_1_2013.economizers.json
[11:03:26.132277 DEBUG] [openstudio.standards.standard] Adding elevators from ashrae_90_1_2013.elevators.json
[11:03:26.150226 DEBUG] [openstudio.standards.standard] Adding energy_recovery from ashrae_90_1_2013.energy_recovery.json
[11:03:26.150226 DEBUG] [openstudio.standards.standard] Adding exterior_lighting from ashrae_90_1_2013.ext_ltg.json
[11:03:26.150226 DEBUG] [openstudio.standards.standard] Adding furnaces from ashrae_90_1_2013.furnaces.json
[11:03:26.156203 DEBUG] [openstudio.standards.standard] Adding ground_temperatures from ashrae_90_1_2013.ground_temperatures.json
[11:03:26.157174 DEBUG] [openstudio.standards.standard] Adding heat_pumps from ashrae_90_1_2013.heat_pumps.json
[11:03:26.157174 DEBUG] [openstudio.standards.standard] Adding heat_pumps_heating from ashrae_90_1_2013.heat_pumps_heating.json
[11:03:26.158172 DEBUG] [openstudio.standards.standard] Adding heat_rejection from ashrae_90_1_2013.heat_rejection.json
[11:03:26.158172 DEBUG] [openstudio.standards.standard] Adding motors from ashrae_90_1_2013.motors.json
[11:03:26.160198 DEBUG] [openstudio.standards.standard] Adding prototype_inputs from ashrae_90_1_2013.prototype_inputs.json
[11:03:26.162160 DEBUG] [openstudio.standards.standard] Adding refrigerated_cases from ashrae_90_1_2013.ref_cases.json
[11:03:26.163180 DEBUG] [openstudio.standards.standard] Adding refrigeration_system_lineup from ashrae_90_1_2013.ref_lnup.json
[11:03:26.163180 DEBUG] [openstudio.standards.standard] Adding refrigeration_compressors from ashrae_90_1_2013.refrigeration_compressors.json
[11:03:26.164094 DEBUG] [openstudio.standards.standard] Adding refrigeration_condenser from ashrae_90_1_2013.refrigeration_condenser.json
[11:03:26.164094 DEBUG] [openstudio.standards.standard] Adding refrigeration_system from ashrae_90_1_2013.refrigeration_system.json
[11:03:26.165061 DEBUG] [openstudio.standards.standard] Adding refrigeration_walkins from ashrae_90_1_2013.refrigeration_walkins.json
[11:03:26.183042 DEBUG] [openstudio.standards.standard] Adding space_types from ashrae_90_1_2013.spc_typ.json
[11:03:26.184015 DEBUG] [openstudio.standards.standard] Adding unitary_acs from ashrae_90_1_2013.unitary_acs.json
[11:03:26.184015 DEBUG] [openstudio.standards.standard] Adding water_heaters from ashrae_90_1_2013.water_heaters.json
[11:03:26.184015 DEBUG] [openstudio.standards.standard] Adding water_source_heat_pumps from ashrae_90_1_2013.water_source_heat_pumps.json
[11:03:26.184015 DEBUG] [openstudio.standards.standard] Adding water_source_heat_pumps_heating from ashrae_90_1_2013.water_source_heat_pumps_heating.json
[11:03:26.189027 DEBUG] [openstudio.workflow.OSWorkflow] argumentMap={"air_loops_detail_section": "true", "annual_overview_section": "true", "building_summary_section": "true", "cost_summary_section": "true", "envelope_section_section": "true", "exterior_light_section": "true", "hvac_load_profile": "true", "interior_lighting_section": "true", "measure_warning_section": "true", "monthly_overview_section": "true", "outdoor_air_section": "true", "plant_loops_detail_section": "true", "plug_loads_section": "true", "reg_monthly_details": "false", "schedules_overview_section": "true", "source_energy_section": "true", "space_type_breakdown_section": "true", "space_type_details_section": "true", "units": "IP", "utility_bills_rates_section": "true", "water_use_section": "true", "zone_condition_section": "true", "zone_equipment_detail_section": "true", "zone_summary_section": "true"}
[11:03:26.189027 DEBUG] [openstudio.workflow.OSWorkflow] Calling measure.energyPlusOutputRequests for 'OpenStudioResults'
[11:03:26.189027 INFO] [openstudio.standards.standard] Using OpenStudio Standards version 0.5.0 with template 90.1-2013.
[11:03:26.189027 INFO] [openstudio.standards.standard] Loading OpenStudio Standards data for 90.1-2013
[11:03:26.189027 DEBUG] [openstudio.standards.standard] Loading JSON files from OpenStudio CLI embedded directory :/ruby/2.7.0/gems/openstudio-standards-0.5.0/lib/openstudio-standards/standards/ashrae_90_1
[11:03:26.193988 DEBUG] [openstudio.standards.standard] Adding hvac_inference from Any.hvac_inference.json
[11:03:26.193988 DEBUG] [openstudio.standards.standard] Adding size_category from Any.size_category.json
[11:03:26.193988 DEBUG] [openstudio.standards.standard] Adding climate_zone_sets from ashrae_90_1.climate_zone_sets.json
[11:03:26.194984 DEBUG] [openstudio.standards.standard] Adding climate_zones from ashrae_90_1.climate_zones.json
[11:03:26.196978 DEBUG] [openstudio.standards.standard] Adding constructions from ashrae_90_1.constructions.json
[11:03:26.207949 DEBUG] [openstudio.standards.standard] Adding curves from ashrae_90_1.curves.json
[11:03:26.208946 DEBUG] [openstudio.standards.standard] Adding entryways from ashrae_90_1.entryways.json
[11:03:26.208946 DEBUG] [openstudio.standards.standard] Adding fans from ashrae_90_1.fans.json
[11:03:26.239895 DEBUG] [openstudio.standards.standard] Adding materials from ashrae_90_1.materials.json
[11:03:26.240861 DEBUG] [openstudio.standards.standard] Adding parking from ashrae_90_1.parking.json
[11:03:26.376498 DEBUG] [openstudio.standards.standard] Adding schedules from ashrae_90_1.schedules.json
[11:03:26.377495 DEBUG] [openstudio.standards.standard] Loading JSON files from OpenStudio CLI embedded directory :/ruby/2.7.0/gems/openstudio-standards-0.5.0/lib/openstudio-standards/standards/ashrae_90_1/ashrae_90_1_2013
[11:03:26.380487 DEBUG] [openstudio.standards.standard] Adding boilers from ashrae_90_1_2013.boilers.json
[11:03:26.381485 DEBUG] [openstudio.standards.standard] Adding chillers from ashrae_90_1_2013.chillers.json
[11:03:26.391490 DEBUG] [openstudio.standards.standard] Adding construction_properties from ashrae_90_1_2013.construction_properties.json
[11:03:26.393485 DEBUG] [openstudio.standards.standard] Adding construction_sets from ashrae_90_1_2013.construction_sets.json
[11:03:26.393485 DEBUG] [openstudio.standards.standard] Adding economizers from ashrae_90_1_2013.economizers.json
[11:03:26.394477 DEBUG] [openstudio.standards.standard] Adding elevators from ashrae_90_1_2013.elevators.json
[11:03:26.395480 DEBUG] [openstudio.standards.standard] Adding energy_recovery from ashrae_90_1_2013.energy_recovery.json
[11:03:26.395480 DEBUG] [openstudio.standards.standard] Adding exterior_lighting from ashrae_90_1_2013.ext_ltg.json
[11:03:26.395480 DEBUG] [openstudio.standards.standard] Adding furnaces from ashrae_90_1_2013.furnaces.json
[11:03:26.401465 DEBUG] [openstudio.standards.standard] Adding ground_temperatures from ashrae_90_1_2013.ground_temperatures.json
[11:03:26.415427 DEBUG] [openstudio.standards.standard] Adding heat_pumps from ashrae_90_1_2013.heat_pumps.json
[11:03:26.415427 DEBUG] [openstudio.standards.standard] Adding heat_pumps_heating from ashrae_90_1_2013.heat_pumps_heating.json
[11:03:26.415427 DEBUG] [openstudio.standards.standard] Adding heat_rejection from ashrae_90_1_2013.heat_rejection.json
[11:03:26.415427 DEBUG] [openstudio.standards.standard] Adding motors from ashrae_90_1_2013.motors.json
[11:03:26.418412 DEBUG] [openstudio.standards.standard] Adding prototype_inputs from ashrae_90_1_2013.prototype_inputs.json
[11:03:26.419389 DEBUG] [openstudio.standards.standard] Adding refrigerated_cases from ashrae_90_1_2013.ref_cases.json
[11:03:26.420387 DEBUG] [openstudio.standards.standard] Adding refrigeration_system_lineup from ashrae_90_1_2013.ref_lnup.json
[11:03:26.420387 DEBUG] [openstudio.standards.standard] Adding refrigeration_compressors from ashrae_90_1_2013.refrigeration_compressors.json
[11:03:26.420387 DEBUG] [openstudio.standards.standard] Adding refrigeration_condenser from ashrae_90_1_2013.refrigeration_condenser.json
[11:03:26.420387 DEBUG] [openstudio.standards.standard] Adding refrigeration_system from ashrae_90_1_2013.refrigeration_system.json
[11:03:26.422722 DEBUG] [openstudio.standards.standard] Adding refrigeration_walkins from ashrae_90_1_2013.refrigeration_walkins.json
[11:03:26.438630 DEBUG] [openstudio.standards.standard] Adding space_types from ashrae_90_1_2013.spc_typ.json
[11:03:26.439596 DEBUG] [openstudio.standards.standard] Adding unitary_acs from ashrae_90_1_2013.unitary_acs.json
[11:03:26.439596 DEBUG] [openstudio.standards.standard] Adding water_heaters from ashrae_90_1_2013.water_heaters.json
[11:03:26.439596 DEBUG] [openstudio.standards.standard] Adding water_source_heat_pumps from ashrae_90_1_2013.water_source_heat_pumps.json
[11:03:26.440601 DEBUG] [openstudio.standards.standard] Adding water_source_heat_pumps_heating from ashrae_90_1_2013.water_source_heat_pumps_heating.json
[11:03:26.442588 DEBUG] [openstudio.workflow.OSWorkflow] Finished measure.energyPlusOutputRequests for 'OpenStudioResults', 11 output requests added
[11:03:26.443641 INFO] [openstudio.workflow.OSWorkflow] Finished collecting output requests from Reporting measures.
[11:03:26.443641 INFO] [openstudio.workflow.OSWorkflow] Running EnergyPlus Preprocess
[11:03:26.445579 INFO] [openstudio.workflow.OSWorkflow] Finished preprocess job for EnergyPlus simulation
[11:03:26.477494 DEBUG] [openstudio.workflow.OSWorkflow] Saved final IDF as C:/Users/GF/AppData/Local/Temp/osmodel-2b16-c446-1841-33c3-1716087791-0/resources/run/in.idf
[11:03:26.477494 DEBUG] [openstudio.workflow.OSWorkflow] EnergyPlus - selected = true
[11:03:26.478495 DEBUG] [openstudio.OSWorkflow.prepareEnergyPlusDir] Original Directory: C:/openstudioapplication-1.7.1/bin
[11:03:26.479488 DEBUG] [openstudio.OSWorkflow.prepareEnergyPlusDir] Changing To run directory: C:/Users/GF/AppData/Local/Temp/osmodel-2b16-c446-1841-33c3-1716087791-0/resources/run
[11:03:26.479488 DEBUG] [ApplicationPathHelpers] getOpenStudioModule, szPath = 'C:\openstudioapplication-1.7.1\bin\openstudiolib.dll'
[11:03:26.479488 DEBUG] [PathHelpers] completeAndNormalize: result = C:/openstudioapplication-1.7.1/bin/openstudiolib.dll
[11:03:26.480486 DEBUG] [ApplicationPathHelpers] getOpenStudioModule, found 'C:/openstudioapplication-1.7.1/bin/openstudiolib.dll'
[11:03:26.480486 DEBUG] [ApplicationPathHelpers] Searching for EnergyPlus in 'C:/openstudioapplication-1.7.1/EnergyPlus/energyplus.exe'
[11:03:26.480486 DEBUG] [PathHelpers] completeAndNormalize: result = C:/openstudioapplication-1.7.1/EnergyPlus/energyplus.exe
[11:03:26.480486 DEBUG] [ApplicationPathHelpers] Found EnergyPlus at 'C:/openstudioapplication-1.7.1/EnergyPlus/energyplus.exe'
[11:03:26.481483 DEBUG] [PathHelpers] completeAndNormalize: result = C:/openstudioapplication-1.7.1/EnergyPlus/energyplus.exe
[11:03:26.506003 INFO] [openstudio.OSWorkflow.prepareEnergyPlusDir] EnergyPlus executable path is C:/openstudioapplication-1.7.1/EnergyPlus/energyplus.exe
[11:03:26.506003 INFO] [openstudio.OSWorkflow.prepareEnergyPlusDir] ExpandObjects executable path is C:/openstudioapplication-1.7.1/EnergyPlus/ExpandObjects.exe
[11:03:26.506003 INFO] [openstudio.workflow.OSWorkflow] Starting simulation in run directory: C:/Users/GF/AppData/Local/Temp/osmodel-2b16-c446-1841-33c3-1716087791-0/resources/run
[11:03:26.534928 INFO] [openstudio.workflow.OSWorkflow] Running command 'C:/openstudioapplication-1.7.1\EnergyPlus\ExpandObjects.exe'
[11:03:26.677388 INFO] [openstudio.workflow.OSWorkflow] Running command '"C:/openstudioapplication-1.7.1\EnergyPlus\energyplus.exe" in.idf'
[11:03:33.688394 INFO] [openstudio.workflow.OSWorkflow] EnergyPlus returned '0'
[11:03:33.689390 INFO] [openstudio.workflow.OSWorkflow] EnergyPlus finished with 15 warnings and 0 severe errors
[11:03:33.689390 INFO] [openstudio.OSWorkflow.prepareEnergyPlusDir] Removing any copied EnergyPlus files
[11:03:33.691385 DEBUG] [openstudio.OSWorkflow.prepareEnergyPlusDir] Changing Current Directory back to: C:/openstudioapplication-1.7.1/bin
[11:03:33.692382 DEBUG] [openstudio.workflow.OSWorkflow] ReportingMeasures - selected = true
[11:03:33.693379 INFO] [openstudio.workflow.OSWorkflow] Beginning to execute Reporting Measures.
[11:03:33.693379 DEBUG] [openstudio.workflow.OSWorkflow] Finding measures of type ReportingMeasure
[11:03:33.693379 DEBUG] [openstudio.workflow.OSWorkflow] Running step 0
[11:03:33.694376 DEBUG] [openstudio.workflow.OSWorkflow] Find model's weather file and update LastEpwFilePath
[11:03:33.694376 DEBUG] [openstudio.workflow.OSWorkflow] Search for weather file C:/Users/GF/AppData/Local/Temp/osmodel-2b16-c446-1841-33c3-1716087791-0/resources/files/TWN_Taipei.466960_IWEC.epw
[11:03:33.696377 DEBUG] [openstudio.workflow.OSWorkflow] Creating run directory for measure in 'C:/Users/GF/AppData/Local/Temp/osmodel-2b16-c446-1841-33c3-1716087791-0/resources/run/000_OpenStudioResults'
[11:03:33.700361 INFO] [openstudio.XMLValidator] Treating schema as a regular XSD
[11:03:33.717316 DEBUG] [openstudio.workflow.OSWorkflow] Found OpenStudioResults at primaryScriptPath: 'C:/Users/GF/AppData/Local/Temp/osmodel-2b16-c446-1841-33c3-1716087791-0/resources/measures/OpenStudioResults/measure.rb'
[11:03:33.717316 DEBUG] [openstudio.workflow.OSWorkflow] Class Name: OpenStudioResults
[11:03:33.717316 DEBUG] [openstudio.workflow.OSWorkflow] Measure Script Path: C:/Users/GF/AppData/Local/Temp/osmodel-2b16-c446-1841-33c3-1716087791-0/resources/measures/OpenStudioResults/measure.rb
[11:03:33.717316 DEBUG] [openstudio.workflow.OSWorkflow] Measure Type: ReportingMeasure
[11:03:33.717316 DEBUG] [openstudio.workflow.OSWorkflow] Measure Language: Ruby
[11:03:33.759235 DEBUG] [openstudio.workflow.OSWorkflow] measure->name()= 'OpenStudio Results'
[11:03:33.759235 DEBUG] [openstudio.workflow.OSWorkflow] Current step has 0 arguments
[11:03:33.763195 INFO] [openstudio.standards.standard] Using OpenStudio Standards version 0.5.0 with template 90.1-2013.
[11:03:33.763195 INFO] [openstudio.standards.standard] Loading OpenStudio Standards data for 90.1-2013
[11:03:33.763195 DEBUG] [openstudio.standards.standard] Loading JSON files from OpenStudio CLI embedded directory :/ruby/2.7.0/gems/openstudio-standards-0.5.0/lib/openstudio-standards/standards/ashrae_90_1
[11:03:33.768180 DEBUG] [openstudio.standards.standard] Adding hvac_inference from Any.hvac_inference.json
[11:03:33.768180 DEBUG] [openstudio.standards.standard] Adding size_category from Any.size_category.json
[11:03:33.769178 DEBUG] [openstudio.standards.standard] Adding climate_zone_sets from ashrae_90_1.climate_zone_sets.json
[11:03:33.769178 DEBUG] [openstudio.standards.standard] Adding climate_zones from ashrae_90_1.climate_zones.json
[11:03:33.771172 DEBUG] [openstudio.standards.standard] Adding constructions from ashrae_90_1.constructions.json
[11:03:33.784138 DEBUG] [openstudio.standards.standard] Adding curves from ashrae_90_1.curves.json
[11:03:33.784138 DEBUG] [openstudio.standards.standard] Adding entryways from ashrae_90_1.entryways.json
[11:03:33.784138 DEBUG] [openstudio.standards.standard] Adding fans from ashrae_90_1.fans.json
[11:03:33.826024 DEBUG] [openstudio.standards.standard] Adding materials from ashrae_90_1.materials.json
[11:03:33.826024 DEBUG] [openstudio.standards.standard] Adding parking from ashrae_90_1.parking.json
[11:03:33.966650 DEBUG] [openstudio.standards.standard] Adding schedules from ashrae_90_1.schedules.json
[11:03:33.966650 DEBUG] [openstudio.standards.standard] Loading JSON files from OpenStudio CLI embedded directory :/ruby/2.7.0/gems/openstudio-standards-0.5.0/lib/openstudio-standards/standards/ashrae_90_1/ashrae_90_1_2013
[11:03:33.971638 DEBUG] [openstudio.standards.standard] Adding boilers from ashrae_90_1_2013.boilers.json
[11:03:33.972635 DEBUG] [openstudio.standards.standard] Adding chillers from ashrae_90_1_2013.chillers.json
[11:03:33.982607 DEBUG] [openstudio.standards.standard] Adding construction_properties from ashrae_90_1_2013.construction_properties.json
[11:03:33.984607 DEBUG] [openstudio.standards.standard] Adding construction_sets from ashrae_90_1_2013.construction_sets.json
[11:03:33.985600 DEBUG] [openstudio.standards.standard] Adding economizers from ashrae_90_1_2013.economizers.json
[11:03:33.985600 DEBUG] [openstudio.standards.standard] Adding elevators from ashrae_90_1_2013.elevators.json
[11:03:33.987593 DEBUG] [openstudio.standards.standard] Adding energy_recovery from ashrae_90_1_2013.energy_recovery.json
[11:03:33.987593 DEBUG] [openstudio.standards.standard] Adding exterior_lighting from ashrae_90_1_2013.ext_ltg.json
[11:03:33.987593 DEBUG] [openstudio.standards.standard] Adding furnaces from ashrae_90_1_2013.furnaces.json
[11:03:34.011531 DEBUG] [openstudio.standards.standard] Adding ground_temperatures from ashrae_90_1_2013.ground_temperatures.json
[11:03:34.013525 DEBUG] [openstudio.standards.standard] Adding heat_pumps from ashrae_90_1_2013.heat_pumps.json
[11:03:34.013525 DEBUG] [openstudio.standards.standard] Adding heat_pumps_heating from ashrae_90_1_2013.heat_pumps_heating.json
[11:03:34.013525 DEBUG] [openstudio.standards.standard] Adding heat_rejection from ashrae_90_1_2013.heat_rejection.json
[11:03:34.014531 DEBUG] [openstudio.standards.standard] Adding motors from ashrae_90_1_2013.motors.json
[11:03:34.016517 DEBUG] [openstudio.standards.standard] Adding prototype_inputs from ashrae_90_1_2013.prototype_inputs.json
[11:03:34.017514 DEBUG] [openstudio.standards.standard] Adding refrigerated_cases from ashrae_90_1_2013.ref_cases.json
[11:03:34.018512 DEBUG] [openstudio.standards.standard] Adding refrigeration_system_lineup from ashrae_90_1_2013.ref_lnup.json
[11:03:34.018512 DEBUG] [openstudio.standards.standard] Adding refrigeration_compressors from ashrae_90_1_2013.refrigeration_compressors.json
[11:03:34.018512 DEBUG] [openstudio.standards.standard] Adding refrigeration_condenser from ashrae_90_1_2013.refrigeration_condenser.json
[11:03:34.018512 DEBUG] [openstudio.standards.standard] Adding refrigeration_system from ashrae_90_1_2013.refrigeration_system.json
[11:03:34.020506 DEBUG] [openstudio.standards.standard] Adding refrigeration_walkins from ashrae_90_1_2013.refrigeration_walkins.json
[11:03:34.041449 DEBUG] [openstudio.standards.standard] Adding space_types from ashrae_90_1_2013.spc_typ.json
[11:03:34.042447 DEBUG] [openstudio.standards.standard] Adding unitary_acs from ashrae_90_1_2013.unitary_acs.json
[11:03:34.042447 DEBUG] [openstudio.standards.standard] Adding water_heaters from ashrae_90_1_2013.water_heaters.json
[11:03:34.042447 DEBUG] [openstudio.standards.standard] Adding water_source_heat_pumps from ashrae_90_1_2013.water_source_heat_pumps.json
[11:03:34.042447 DEBUG] [openstudio.standards.standard] Adding water_source_heat_pumps_heating from ashrae_90_1_2013.water_source_heat_pumps_heating.json
[11:03:34.047432 DEBUG] [openstudio.workflow.OSWorkflow] argumentMap={"air_loops_detail_section": "true", "annual_overview_section": "true", "building_summary_section": "true", "cost_summary_section": "true", "envelope_section_section": "true", "exterior_light_section": "true", "hvac_load_profile": "true", "interior_lighting_section": "true", "measure_warning_section": "true", "monthly_overview_section": "true", "outdoor_air_section": "true", "plant_loops_detail_section": "true", "plug_loads_section": "true", "reg_monthly_details": "false", "schedules_overview_section": "true", "source_energy_section": "true", "space_type_breakdown_section": "true", "space_type_details_section": "true", "units": "IP", "utility_bills_rates_section": "true", "water_use_section": "true", "zone_condition_section": "true", "zone_equipment_detail_section": "true", "zone_summary_section": "true"}
[11:03:34.061395 DEBUG] [openstudio.energyplus.SqlFile] Dictionary Built
[11:03:34.187059 INFO] [openstudio.standards.standard] Using OpenStudio Standards version 0.5.0 with template 90.1-2013.
[11:03:34.187059 INFO] [openstudio.standards.standard] Loading OpenStudio Standards data for 90.1-2013
[11:03:34.187059 DEBUG] [openstudio.standards.standard] Loading JSON files from OpenStudio CLI embedded directory :/ruby/2.7.0/gems/openstudio-standards-0.5.0/lib/openstudio-standards/standards/ashrae_90_1
[11:03:34.191048 DEBUG] [openstudio.standards.standard] Adding hvac_inference from Any.hvac_inference.json
[11:03:34.191048 DEBUG] [openstudio.standards.standard] Adding size_category from Any.size_category.json
[11:03:34.191048 DEBUG] [openstudio.standards.standard] Adding climate_zone_sets from ashrae_90_1.climate_zone_sets.json
[11:03:34.191048 DEBUG] [openstudio.standards.standard] Adding climate_zones from ashrae_90_1.climate_zones.json
[11:03:34.193043 DEBUG] [openstudio.standards.standard] Adding constructions from ashrae_90_1.constructions.json
[11:03:34.205011 DEBUG] [openstudio.standards.standard] Adding curves from ashrae_90_1.curves.json
[11:03:34.205011 DEBUG] [openstudio.standards.standard] Adding entryways from ashrae_90_1.entryways.json
[11:03:34.205011 DEBUG] [openstudio.standards.standard] Adding fans from ashrae_90_1.fans.json
[11:03:34.236925 DEBUG] [openstudio.standards.standard] Adding materials from ashrae_90_1.materials.json
[11:03:34.236925 DEBUG] [openstudio.standards.standard] Adding parking from ashrae_90_1.parking.json
[11:03:34.380541 DEBUG] [openstudio.standards.standard] Adding schedules from ashrae_90_1.schedules.json
[11:03:34.381539 DEBUG] [openstudio.standards.standard] Loading JSON files from OpenStudio CLI embedded directory :/ruby/2.7.0/gems/openstudio-standards-0.5.0/lib/openstudio-standards/standards/ashrae_90_1/ashrae_90_1_2013
[11:03:34.384531 DEBUG] [openstudio.standards.standard] Adding boilers from ashrae_90_1_2013.boilers.json
[11:03:34.385528 DEBUG] [openstudio.standards.standard] Adding chillers from ashrae_90_1_2013.chillers.json
[11:03:34.393507 DEBUG] [openstudio.standards.standard] Adding construction_properties from ashrae_90_1_2013.construction_properties.json
[11:03:34.394504 DEBUG] [openstudio.standards.standard] Adding construction_sets from ashrae_90_1_2013.construction_sets.json
[11:03:34.394504 DEBUG] [openstudio.standards.standard] Adding economizers from ashrae_90_1_2013.economizers.json
[11:03:34.395501 DEBUG] [openstudio.standards.standard] Adding elevators from ashrae_90_1_2013.elevators.json
[11:03:34.396499 DEBUG] [openstudio.standards.standard] Adding energy_recovery from ashrae_90_1_2013.energy_recovery.json
[11:03:34.396499 DEBUG] [openstudio.standards.standard] Adding exterior_lighting from ashrae_90_1_2013.ext_ltg.json
[11:03:34.396499 DEBUG] [openstudio.standards.standard] Adding furnaces from ashrae_90_1_2013.furnaces.json
[11:03:34.402483 DEBUG] [openstudio.standards.standard] Adding ground_temperatures from ashrae_90_1_2013.ground_temperatures.json
[11:03:34.402483 DEBUG] [openstudio.standards.standard] Adding heat_pumps from ashrae_90_1_2013.heat_pumps.json
[11:03:34.403480 DEBUG] [openstudio.standards.standard] Adding heat_pumps_heating from ashrae_90_1_2013.heat_pumps_heating.json
[11:03:34.403480 DEBUG] [openstudio.standards.standard] Adding heat_rejection from ashrae_90_1_2013.heat_rejection.json
[11:03:34.403480 DEBUG] [openstudio.standards.standard] Adding motors from ashrae_90_1_2013.motors.json
[11:03:34.405475 DEBUG] [openstudio.standards.standard] Adding prototype_inputs from ashrae_90_1_2013.prototype_inputs.json
[11:03:34.406473 DEBUG] [openstudio.standards.standard] Adding refrigerated_cases from ashrae_90_1_2013.ref_cases.json
[11:03:34.407469 DEBUG] [openstudio.standards.standard] Adding refrigeration_system_lineup from ashrae_90_1_2013.ref_lnup.json
[11:03:34.407469 DEBUG] [openstudio.standards.standard] Adding refrigeration_compressors from ashrae_90_1_2013.refrigeration_compressors.json
[11:03:34.407469 DEBUG] [openstudio.standards.standard] Adding refrigeration_condenser from ashrae_90_1_2013.refrigeration_condenser.json
[11:03:34.407469 DEBUG] [openstudio.standards.standard] Adding refrigeration_system from ashrae_90_1_2013.refrigeration_system.json
[11:03:34.408467 DEBUG] [openstudio.standards.standard] Adding refrigeration_walkins from ashrae_90_1_2013.refrigeration_walkins.json
[11:03:34.438387 DEBUG] [openstudio.standards.standard] Adding space_types from ashrae_90_1_2013.spc_typ.json
[11:03:34.439384 DEBUG] [openstudio.standards.standard] Adding unitary_acs from ashrae_90_1_2013.unitary_acs.json
[11:03:34.439384 DEBUG] [openstudio.standards.standard] Adding water_heaters from ashrae_90_1_2013.water_heaters.json
[11:03:34.439384 DEBUG] [openstudio.standards.standard] Adding water_source_heat_pumps from ashrae_90_1_2013.water_source_heat_pumps.json
[11:03:34.439384 DEBUG] [openstudio.standards.standard] Adding water_source_heat_pumps_heating from ashrae_90_1_2013.water_source_heat_pumps_heating.json
[11:03:34.449834 INFO] [openstudio.measure.OSRunner] Gathering data from EnergyPlus SQL file and OSM model. Will report in IP Units
[11:03:34.566387 INFO] [openstudio.XMLValidator] Treating schema as a regular XSD
[11:03:38.176053 INFO] [openstudio.standards.standard] Using OpenStudio Standards version 0.5.0 with template 90.1-2013.
[11:03:38.176053 INFO] [openstudio.standards.standard] Loading OpenStudio Standards data for 90.1-2013
[11:03:38.177074 DEBUG] [openstudio.standards.standard] Loading JSON files from OpenStudio CLI embedded directory :/ruby/2.7.0/gems/openstudio-standards-0.5.0/lib/openstudio-standards/standards/ashrae_90_1
[11:03:38.181063 DEBUG] [openstudio.standards.standard] Adding hvac_inference from Any.hvac_inference.json
[11:03:38.181063 DEBUG] [openstudio.standards.standard] Adding size_category from Any.size_category.json
[11:03:38.181063 DEBUG] [openstudio.standards.standard] Adding climate_zone_sets from ashrae_90_1.climate_zone_sets.json
[11:03:38.181063 DEBUG] [openstudio.standards.standard] Adding climate_zones from ashrae_90_1.climate_zones.json
[11:03:38.183024 DEBUG] [openstudio.standards.standard] Adding constructions from ashrae_90_1.constructions.json
[11:03:38.194992 DEBUG] [openstudio.standards.standard] Adding curves from ashrae_90_1.curves.json
[11:03:38.194992 DEBUG] [openstudio.standards.standard] Adding entryways from ashrae_90_1.entryways.json
[11:03:38.196021 DEBUG] [openstudio.standards.standard] Adding fans from ashrae_90_1.fans.json
[11:03:38.229935 DEBUG] [openstudio.standards.standard] Adding materials from ashrae_90_1.materials.json
[11:03:38.229935 DEBUG] [openstudio.standards.standard] Adding parking from ashrae_90_1.parking.json
[11:03:38.382490 DEBUG] [openstudio.standards.standard] Adding schedules from ashrae_90_1.schedules.json
[11:03:38.382490 DEBUG] [openstudio.standards.standard] Loading JSON files from OpenStudio CLI embedded directory :/ruby/2.7.0/gems/openstudio-standards-0.5.0/lib/openstudio-standards/standards/ashrae_90_1/ashrae_90_1_2013
[11:03:38.385482 DEBUG] [openstudio.standards.standard] Adding boilers from ashrae_90_1_2013.boilers.json
[11:03:38.386480 DEBUG] [openstudio.standards.standard] Adding chillers from ashrae_90_1_2013.chillers.json
[11:03:38.395455 DEBUG] [openstudio.standards.standard] Adding construction_properties from ashrae_90_1_2013.construction_properties.json
[11:03:38.396453 DEBUG] [openstudio.standards.standard] Adding construction_sets from ashrae_90_1_2013.construction_sets.json
[11:03:38.397450 DEBUG] [openstudio.standards.standard] Adding economizers from ashrae_90_1_2013.economizers.json
[11:03:38.397450 DEBUG] [openstudio.standards.standard] Adding elevators from ashrae_90_1_2013.elevators.json
[11:03:38.399445 DEBUG] [openstudio.standards.standard] Adding energy_recovery from ashrae_90_1_2013.energy_recovery.json
[11:03:38.399445 DEBUG] [openstudio.standards.standard] Adding exterior_lighting from ashrae_90_1_2013.ext_ltg.json
[11:03:38.399445 DEBUG] [openstudio.standards.standard] Adding furnaces from ashrae_90_1_2013.furnaces.json
[11:03:38.406426 DEBUG] [openstudio.standards.standard] Adding ground_temperatures from ashrae_90_1_2013.ground_temperatures.json
[11:03:38.407423 DEBUG] [openstudio.standards.standard] Adding heat_pumps from ashrae_90_1_2013.heat_pumps.json
[11:03:38.407423 DEBUG] [openstudio.standards.standard] Adding heat_pumps_heating from ashrae_90_1_2013.heat_pumps_heating.json
[11:03:38.407423 DEBUG] [openstudio.standards.standard] Adding heat_rejection from ashrae_90_1_2013.heat_rejection.json
[11:03:38.407423 DEBUG] [openstudio.standards.standard] Adding motors from ashrae_90_1_2013.motors.json
[11:03:38.410415 DEBUG] [openstudio.standards.standard] Adding prototype_inputs from ashrae_90_1_2013.prototype_inputs.json
[11:03:38.411412 DEBUG] [openstudio.standards.standard] Adding refrigerated_cases from ashrae_90_1_2013.ref_cases.json
[11:03:38.411412 DEBUG] [openstudio.standards.standard] Adding refrigeration_system_lineup from ashrae_90_1_2013.ref_lnup.json
[11:03:38.411412 DEBUG] [openstudio.standards.standard] Adding refrigeration_compressors from ashrae_90_1_2013.refrigeration_compressors.json
[11:03:38.411412 DEBUG] [openstudio.standards.standard] Adding refrigeration_condenser from ashrae_90_1_2013.refrigeration_condenser.json
[11:03:38.412410 DEBUG] [openstudio.standards.standard] Adding refrigeration_system from ashrae_90_1_2013.refrigeration_system.json
[11:03:38.413407 DEBUG] [openstudio.standards.standard] Adding refrigeration_walkins from ashrae_90_1_2013.refrigeration_walkins.json
[11:03:38.431359 DEBUG] [openstudio.standards.standard] Adding space_types from ashrae_90_1_2013.spc_typ.json
[11:03:38.432356 DEBUG] [openstudio.standards.standard] Adding unitary_acs from ashrae_90_1_2013.unitary_acs.json
[11:03:38.432356 DEBUG] [openstudio.standards.standard] Adding water_heaters from ashrae_90_1_2013.water_heaters.json
[11:03:38.432356 DEBUG] [openstudio.standards.standard] Adding water_source_heat_pumps from ashrae_90_1_2013.water_source_heat_pumps.json
[11:03:38.432356 DEBUG] [openstudio.standards.standard] Adding water_source_heat_pumps_heating from ashrae_90_1_2013.water_source_heat_pumps_heating.json
[11:03:38.458713 INFO] [openstudio.standards.standard] Using OpenStudio Standards version 0.5.0 with template 90.1-2013.
[11:03:38.458713 INFO] [openstudio.standards.standard] Loading OpenStudio Standards data for 90.1-2013
[11:03:38.458713 DEBUG] [openstudio.standards.standard] Loading JSON files from OpenStudio CLI embedded directory :/ruby/2.7.0/gems/openstudio-standards-0.5.0/lib/openstudio-standards/standards/ashrae_90_1
[11:03:38.465694 DEBUG] [openstudio.standards.standard] Adding hvac_inference from Any.hvac_inference.json
[11:03:38.465694 DEBUG] [openstudio.standards.standard] Adding size_category from Any.size_category.json
[11:03:38.465694 DEBUG] [openstudio.standards.standard] Adding climate_zone_sets from ashrae_90_1.climate_zone_sets.json
[11:03:38.465694 DEBUG] [openstudio.standards.standard] Adding climate_zones from ashrae_90_1.climate_zones.json
[11:03:38.467689 DEBUG] [openstudio.standards.standard] Adding constructions from ashrae_90_1.constructions.json
[11:03:38.479657 DEBUG] [openstudio.standards.standard] Adding curves from ashrae_90_1.curves.json
[11:03:38.479657 DEBUG] [openstudio.standards.standard] Adding entryways from ashrae_90_1.entryways.json
[11:03:38.479657 DEBUG] [openstudio.standards.standard] Adding fans from ashrae_90_1.fans.json
[11:03:38.512569 DEBUG] [openstudio.standards.standard] Adding materials from ashrae_90_1.materials.json
[11:03:38.513567 DEBUG] [openstudio.standards.standard] Adding parking from ashrae_90_1.parking.json
[11:03:38.654190 DEBUG] [openstudio.standards.standard] Adding schedules from ashrae_90_1.schedules.json
[11:03:38.655190 DEBUG] [openstudio.standards.standard] Loading JSON files from OpenStudio CLI embedded directory :/ruby/2.7.0/gems/openstudio-standards-0.5.0/lib/openstudio-standards/standards/ashrae_90_1/ashrae_90_1_2013
[11:03:38.658180 DEBUG] [openstudio.standards.standard] Adding boilers from ashrae_90_1_2013.boilers.json
[11:03:38.658180 DEBUG] [openstudio.standards.standard] Adding chillers from ashrae_90_1_2013.chillers.json
[11:03:38.666159 DEBUG] [openstudio.standards.standard] Adding construction_properties from ashrae_90_1_2013.construction_properties.json
[11:03:38.667157 DEBUG] [openstudio.standards.standard] Adding construction_sets from ashrae_90_1_2013.construction_sets.json
[11:03:38.667157 DEBUG] [openstudio.standards.standard] Adding economizers from ashrae_90_1_2013.economizers.json
[11:03:38.668155 DEBUG] [openstudio.standards.standard] Adding elevators from ashrae_90_1_2013.elevators.json
[11:03:38.669153 DEBUG] [openstudio.standards.standard] Adding energy_recovery from ashrae_90_1_2013.energy_recovery.json
[11:03:38.669153 DEBUG] [openstudio.standards.standard] Adding exterior_lighting from ashrae_90_1_2013.ext_ltg.json
[11:03:38.669153 DEBUG] [openstudio.standards.standard] Adding furnaces from ashrae_90_1_2013.furnaces.json
[11:03:38.674138 DEBUG] [openstudio.standards.standard] Adding ground_temperatures from ashrae_90_1_2013.ground_temperatures.json
[11:03:38.675136 DEBUG] [openstudio.standards.standard] Adding heat_pumps from ashrae_90_1_2013.heat_pumps.json
[11:03:38.675136 DEBUG] [openstudio.standards.standard] Adding heat_pumps_heating from ashrae_90_1_2013.heat_pumps_heating.json
[11:03:38.676133 DEBUG] [openstudio.standards.standard] Adding heat_rejection from ashrae_90_1_2013.heat_rejection.json
[11:03:38.676133 DEBUG] [openstudio.standards.standard] Adding motors from ashrae_90_1_2013.motors.json
[11:03:38.678128 DEBUG] [openstudio.standards.standard] Adding prototype_inputs from ashrae_90_1_2013.prototype_inputs.json
[11:03:38.679125 DEBUG] [openstudio.standards.standard] Adding refrigerated_cases from ashrae_90_1_2013.ref_cases.json
[11:03:38.679125 DEBUG] [openstudio.standards.standard] Adding refrigeration_system_lineup from ashrae_90_1_2013.ref_lnup.json
[11:03:38.679125 DEBUG] [openstudio.standards.standard] Adding refrigeration_compressors from ashrae_90_1_2013.refrigeration_compressors.json
[11:03:38.679125 DEBUG] [openstudio.standards.standard] Adding refrigeration_condenser from ashrae_90_1_2013.refrigeration_condenser.json
[11:03:38.680123 DEBUG] [openstudio.standards.standard] Adding refrigeration_system from ashrae_90_1_2013.refrigeration_system.json
[11:03:38.681120 DEBUG] [openstudio.standards.standard] Adding refrigeration_walkins from ashrae_90_1_2013.refrigeration_walkins.json
[11:03:38.698074 DEBUG] [openstudio.standards.standard] Adding space_types from ashrae_90_1_2013.spc_typ.json
[11:03:38.699072 DEBUG] [openstudio.standards.standard] Adding unitary_acs from ashrae_90_1_2013.unitary_acs.json
[11:03:38.699072 DEBUG] [openstudio.standards.standard] Adding water_heaters from ashrae_90_1_2013.water_heaters.json
[11:03:38.699072 DEBUG] [openstudio.standards.standard] Adding water_source_heat_pumps from ashrae_90_1_2013.water_source_heat_pumps.json
[11:03:38.699072 DEBUG] [openstudio.standards.standard] Adding water_source_heat_pumps_heating from ashrae_90_1_2013.water_source_heat_pumps_heating.json
[11:03:39.047687 DEBUG] [openstudio.energyplus.SqlFile] Making time series for envPeriod = 'RUN PERIOD 1', reportingFrequency = 'Monthly', timeSeriesName = 'Site Outdoor Air Drybulb Temperature', keyValue = 'Environment'
[11:03:39.047687 DEBUG] [openstudio.energyplus.SqlFile] RUN PERIOD 1
[11:03:39.047687 DEBUG] [openstudio.energyplus.SqlFile] Site Outdoor Air Drybulb Temperature
[11:03:39.047687 DEBUG] [openstudio.energyplus.SqlFile] SQL Query:
SELECT dt.VariableValue, Time.Year, Time.Month, Time.Day, Time.Interval FROM ReportVariableData dt INNER JOIN Time ON Time.timeIndex = dt.TimeIndex WHERE  dt.ReportVariableDataDictionaryIndex=7 AND Time.EnvironmentPeriodIndex = 8Return Code:
100
[11:03:39.048720 DEBUG] [openstudio.energyplus.SqlFile] Time series found
[11:03:39.053816 DEBUG] [openstudio.energyplus.SqlFile] Making time series for envPeriod = 'RUN PERIOD 1', reportingFrequency = 'Hourly', timeSeriesName = 'Zone Air Temperature', keyValue = 'THERMAL ZONE 1'
[11:03:39.053816 DEBUG] [openstudio.energyplus.SqlFile] RUN PERIOD 1
[11:03:39.053816 DEBUG] [openstudio.energyplus.SqlFile] Zone Air Temperature
[11:03:39.054813 DEBUG] [openstudio.energyplus.SqlFile] SQL Query:
SELECT dt.VariableValue, Time.Year, Time.Month, Time.Day, Time.Interval FROM ReportVariableData dt INNER JOIN Time ON Time.timeIndex = dt.TimeIndex WHERE  dt.ReportVariableDataDictionaryIndex=443 AND Time.EnvironmentPeriodIndex = 8Return Code:
100
[11:03:39.064786 DEBUG] [openstudio.energyplus.SqlFile] Time series found
[11:03:39.099695 DEBUG] [openstudio.energyplus.SqlFile] Making time series for envPeriod = 'RUN PERIOD 1', reportingFrequency = 'Hourly', timeSeriesName = 'Zone Air Temperature', keyValue = 'THERMAL ZONE 2'
[11:03:39.099695 DEBUG] [openstudio.energyplus.SqlFile] RUN PERIOD 1
[11:03:39.100692 DEBUG] [openstudio.energyplus.SqlFile] Zone Air Temperature
[11:03:39.100692 DEBUG] [openstudio.energyplus.SqlFile] SQL Query:
SELECT dt.VariableValue, Time.Year, Time.Month, Time.Day, Time.Interval FROM ReportVariableData dt INNER JOIN Time ON Time.timeIndex = dt.TimeIndex WHERE  dt.ReportVariableDataDictionaryIndex=579 AND Time.EnvironmentPeriodIndex = 8Return Code:
100
[11:03:39.110665 DEBUG] [openstudio.energyplus.SqlFile] Time series found
[11:03:39.148564 DEBUG] [openstudio.energyplus.SqlFile] Making time series for envPeriod = 'RUN PERIOD 1', reportingFrequency = 'Hourly', timeSeriesName = 'Zone Air Temperature', keyValue = 'THERMAL ZONE 3'
[11:03:39.148564 DEBUG] [openstudio.energyplus.SqlFile] RUN PERIOD 1
[11:03:39.148564 DEBUG] [openstudio.energyplus.SqlFile] Zone Air Temperature
[11:03:39.148564 DEBUG] [openstudio.energyplus.SqlFile] SQL Query:
SELECT dt.VariableValue, Time.Year, Time.Month, Time.Day, Time.Interval FROM ReportVariableData dt INNER JOIN Time ON Time.timeIndex = dt.TimeIndex WHERE  dt.ReportVariableDataDictionaryIndex=643 AND Time.EnvironmentPeriodIndex = 8Return Code:
100
[11:03:39.158537 DEBUG] [openstudio.energyplus.SqlFile] Time series found
[11:03:39.198431 DEBUG] [openstudio.energyplus.SqlFile] Making time series for envPeriod = 'RUN PERIOD 1', reportingFrequency = 'Hourly', timeSeriesName = 'Zone Air Relative Humidity', keyValue = 'THERMAL ZONE 1'
[11:03:39.198431 DEBUG] [openstudio.energyplus.SqlFile] RUN PERIOD 1
[11:03:39.198431 DEBUG] [openstudio.energyplus.SqlFile] Zone Air Relative Humidity
[11:03:39.199428 DEBUG] [openstudio.energyplus.SqlFile] SQL Query:
SELECT dt.VariableValue, Time.Year, Time.Month, Time.Day, Time.Interval FROM ReportVariableData dt INNER JOIN Time ON Time.timeIndex = dt.TimeIndex WHERE  dt.ReportVariableDataDictionaryIndex=444 AND Time.EnvironmentPeriodIndex = 8Return Code:
100
[11:03:39.210399 DEBUG] [openstudio.energyplus.SqlFile] Time series found
[11:03:39.248297 DEBUG] [openstudio.energyplus.SqlFile] Making time series for envPeriod = 'RUN PERIOD 1', reportingFrequency = 'Hourly', timeSeriesName = 'Zone Air Relative Humidity', keyValue = 'THERMAL ZONE 2'
[11:03:39.248297 DEBUG] [openstudio.energyplus.SqlFile] RUN PERIOD 1
[11:03:39.248297 DEBUG] [openstudio.energyplus.SqlFile] Zone Air Relative Humidity
[11:03:39.248297 DEBUG] [openstudio.energyplus.SqlFile] SQL Query:
SELECT dt.VariableValue, Time.Year, Time.Month, Time.Day, Time.Interval FROM ReportVariableData dt INNER JOIN Time ON Time.timeIndex = dt.TimeIndex WHERE  dt.ReportVariableDataDictionaryIndex=580 AND Time.EnvironmentPeriodIndex = 8Return Code:
100
[11:03:39.260265 DEBUG] [openstudio.energyplus.SqlFile] Time series found
[11:03:39.291181 DEBUG] [openstudio.energyplus.SqlFile] Making time series for envPeriod = 'RUN PERIOD 1', reportingFrequency = 'Hourly', timeSeriesName = 'Zone Air Relative Humidity', keyValue = 'THERMAL ZONE 3'
[11:03:39.291181 DEBUG] [openstudio.energyplus.SqlFile] RUN PERIOD 1
[11:03:39.291181 DEBUG] [openstudio.energyplus.SqlFile] Zone Air Relative Humidity
[11:03:39.292179 DEBUG] [openstudio.energyplus.SqlFile] SQL Query:
SELECT dt.VariableValue, Time.Year, Time.Month, Time.Day, Time.Interval FROM ReportVariableData dt INNER JOIN Time ON Time.timeIndex = dt.TimeIndex WHERE  dt.ReportVariableDataDictionaryIndex=644 AND Time.EnvironmentPeriodIndex = 8Return Code:
100
[11:03:39.302152 DEBUG] [openstudio.energyplus.SqlFile] Time series found
[11:03:39.826158 INFO] [openstudio.XMLValidator] Treating schema as a regular XSD
[11:03:39.985114 INFO] [openstudio.measure.OSRunner] Generated report with 22 sections to ./report.html.
[11:03:39.986111 DEBUG] [openstudio.workflow.OSWorkflow] Step Result: Success
[11:03:39.986111 INFO] [openstudio.workflow.OSWorkflow] Finished applying Reporting Measures.
[11:03:40.000130 DEBUG] [openstudio.workflow.OSWorkflow] PostProcess - selected = true
[11:03:40.000130 INFO] [openstudio.workflow.OSWorkflow] Gathering reports
[11:03:40.002068 INFO] [openstudio.workflow.Util] Run directory: C:/Users/GF/AppData/Local/Temp/osmodel-2b16-c446-1841-33c3-1716087791-0/resources/run
[11:03:40.002068 INFO] [openstudio.workflow.Util] Reports directoryC:/Users/GF/AppData/Local/Temp/osmodel-2b16-c446-1841-33c3-1716087791-0/resources
[11:03:40.002068 INFO] [openstudio.workflow.Util] Saving EnergyPlus HTML report to C:/Users/GF/AppData/Local/Temp/osmodel-2b16-c446-1841-33c3-1716087791-0/resources/reports/eplustbl.html
[11:03:40.007057 INFO] [openstudio.XMLValidator] Treating schema as a regular XSD
[11:03:40.023013 INFO] [openstudio.workflow.Util] Saving report C:/Users/GF/AppData/Local/Temp/osmodel-2b16-c446-1841-33c3-1716087791-0/resources/run/000_OpenStudioResults/report.html to C:/Users/GF/AppData/Local/Temp/osmodel-2b16-c446-1841-33c3-1716087791-0/resources/reports/openstudio_results_report.html
[11:03:40.026004 INFO] [openstudio.workflow.OSWorkflow] Finished gathering reports
[11:03:40.026004 DEBUG] [openstudio.workflow.OSWorkflow] Cleanup - selected = true
[11:03:40.026004 INFO] [openstudio.workflow.OSWorkflow] Beginning cleanup of the run directory
[11:03:40.028996 INFO] [openstudio.workflow.OSWorkflow] Finished cleanup of the run directory
[11:03:40.745787 INFO] [openstudio.XMLValidator] Treating schema as a regular XSD
