[13:21:14.799188 DEBUG] [openstudio.workflow.OSWorkflow] Removing existing run directory: C:/Users/GF/AppData/Local/Temp/osmodel-98b1-ec09-c8d3-e881-1716009490-0/resources/run
[13:21:14.799188 DEBUG] [openstudio.workflow.OSWorkflow] Registering that the workflow has started with the adapter
[13:21:14.799188 DEBUG] [openstudio.workflow.OSWorkflow] Initialization - selected = true
[13:21:14.800187 DEBUG] [openstudio.workflow.OSWorkflow] The root_dir for the datapoint is C:/Users/GF/AppData/Local/Temp/osmodel-98b1-ec09-c8d3-e881-1716009490-0/resources
[13:21:14.800187 DEBUG] [openstudio.workflow.OSWorkflow] Removing existing generated files directory: C:/Users/GF/AppData/Local/Temp/osmodel-98b1-ec09-c8d3-e881-1716009490-0/resources/generated_files
[13:21:14.800187 DEBUG] [openstudio.workflow.OSWorkflow] Creating generated files directory: C:/Users/GF/AppData/Local/Temp/osmodel-98b1-ec09-c8d3-e881-1716009490-0/resources/generated_files
[13:21:14.801183 DEBUG] [openstudio.workflow.OSWorkflow] Finding and loading the seed file
[13:21:14.807166 INFO] [openstudio.worklow.Util] Loading OSM model
[13:21:14.807166 INFO] [openstudio.worklow.Util] Reading in OSM model C:/Users/GF/AppData/Local/Temp/osmodel-98b1-ec09-c8d3-e881-1716009490-0/12sq_for_each_aircond.osm
[13:21:14.815147 DEBUG] [openstudio.osversion.VersionTranslator] Starting translation from Version 3.7.0.
[13:21:14.861022 DEBUG] [openstudio.osversion.VersionTranslator] Initial model has 923 objects.
[13:21:14.861022 DEBUG] [openstudio.osversion.VersionTranslator] Final model has 923 objects in IDF form.
[13:21:14.881966 DEBUG] [utilities.idf.Workspace] Workspace::isValid called.
[13:21:14.967770 DEBUG] [openstudio.osversion.VersionTranslator] Final model has 923 objects in Model form.
[13:21:14.972756 DEBUG] [openstudio.workflow.OSWorkflow] Initialize the weather file from osw
[13:21:14.972756 DEBUG] [openstudio.workflow.OSWorkflow] Search for weather file defined by osw THA_Bangkok.484560_IWEC.epw
[13:21:14.982727 DEBUG] [openstudio.EpwFile] No Daylightings Saving start Date
[13:21:14.985722 WARN] [openstudio.EpwFile] Successive data points (1983-Jan-31 to 1992-Feb-01, ending on line 753) are greater than 1 day apart in EPW file 'C:/Users/GF/AppData/Local/Temp/osmodel-98b1-ec09-c8d3-e881-1716009490-0/resources/files/THA_Bangkok.484560_IWEC.epw'. Data will be treated as typical (TMY)
[13:21:15.025583 INFO] [openstudio.XMLValidator] Treating schema as a regular XSD
[13:21:15.040579 DEBUG] [openstudio.workflow.OSWorkflow] OpenStudioMeasures - selected = true
[13:21:15.040579 INFO] [openstudio.workflow.OSWorkflow] Beginning to execute OpenStudio Measures
[13:21:15.040579 DEBUG] [openstudio.workflow.OSWorkflow] Finding measures of type ModelMeasure
[13:21:15.040579 INFO] [openstudio.workflow.OSWorkflow] Finished applying OpenStudio Measures.
[13:21:15.094397 DEBUG] [openstudio.workflow.OSWorkflow] Translator - selected = true
[13:21:15.097397 INFO] [openstudio.workflow.OSWorkflow] Beginning the translation to IDF
[13:21:15.102408 INFO] [openstudio.energyplus.ForwardTranslator] SpaceType 189.1-2009 - Office - Vending - CZ4-8 is not referenced by any space, it will not be translated.
[13:21:15.102408 INFO] [openstudio.energyplus.ForwardTranslator] SpaceType 189.1-2009 - Office - BreakRoom - CZ1-3 is not referenced by any space, it will not be translated.
[13:21:15.103408 INFO] [openstudio.energyplus.ForwardTranslator] SpaceType 189.1-2009 - Office - IT_Room - CZ4-8 is not referenced by any space, it will not be translated.
[13:21:15.103408 INFO] [openstudio.energyplus.ForwardTranslator] SpaceType 189.1-2009 - Office - Lobby - CZ1-3 is not referenced by any space, it will not be translated.
[13:21:15.103408 INFO] [openstudio.energyplus.ForwardTranslator] SpaceType 189.1-2009 - Office - ClosedOffice - CZ1-3 is not referenced by any space, it will not be translated.
[13:21:15.104403 INFO] [openstudio.energyplus.ForwardTranslator] SpaceType 189.1-2009 - Office - OpenOffice - CZ1-3 is not referenced by any space, it will not be translated.
[13:21:15.104403 INFO] [openstudio.energyplus.ForwardTranslator] SpaceType 189.1-2009 - Office - Conference - CZ1-3 is not referenced by any space, it will not be translated.
[13:21:15.104403 INFO] [openstudio.energyplus.ForwardTranslator] SpaceType 189.1-2009 - Office - Corridor - CZ1-3 is not referenced by any space, it will not be translated.
[13:21:15.105375 INFO] [openstudio.energyplus.ForwardTranslator] SpaceType 189.1-2009 - Office - WholeBuilding - Md Office - CZ1-3 is not referenced by any space, it will not be translated.
[13:21:15.105375 INFO] [openstudio.energyplus.ForwardTranslator] SpaceType 189.1-2009 - Office - Elec/MechRoom - CZ1-3 is not referenced by any space, it will not be translated.
[13:21:15.105375 INFO] [openstudio.energyplus.ForwardTranslator] SpaceType 189.1-2009 - Office - IT_Room - CZ1-3 is not referenced by any space, it will not be translated.
[13:21:15.106367 INFO] [openstudio.energyplus.ForwardTranslator] SpaceType 189.1-2009 - Office - WholeBuilding - Sm Office - CZ1-3 is not referenced by any space, it will not be translated.
[13:21:15.106367 INFO] [openstudio.energyplus.ForwardTranslator] SpaceType 189.1-2009 - Office - PrintRoom - CZ1-3 is not referenced by any space, it will not be translated.
[13:21:15.106367 INFO] [openstudio.energyplus.ForwardTranslator] SpaceType 189.1-2009 - Office - Restroom - CZ1-3 is not referenced by any space, it will not be translated.
[13:21:15.107398 INFO] [openstudio.energyplus.ForwardTranslator] SpaceType 189.1-2009 - Office - Stair - CZ1-3 is not referenced by any space, it will not be translated.
[13:21:15.107398 INFO] [openstudio.energyplus.ForwardTranslator] SpaceType 189.1-2009 - Office - Corridor - CZ4-8 is not referenced by any space, it will not be translated.
[13:21:15.107398 INFO] [openstudio.energyplus.ForwardTranslator] SpaceType 189.1-2009 - Office - Storage - CZ1-3 is not referenced by any space, it will not be translated.
[13:21:15.108400 INFO] [openstudio.energyplus.ForwardTranslator] SpaceType 189.1-2009 - Office - PrintRoom - CZ4-8 is not referenced by any space, it will not be translated.
[13:21:15.108400 INFO] [openstudio.energyplus.ForwardTranslator] SpaceType 189.1-2009 - Office - WholeBuilding - Lg Office - CZ1-3 is not referenced by any space, it will not be translated.
[13:21:15.108400 INFO] [openstudio.energyplus.ForwardTranslator] SpaceType 189.1-2009 - Office - Vending - CZ1-3 is not referenced by any space, it will not be translated.
[13:21:15.109389 INFO] [openstudio.energyplus.ForwardTranslator] SpaceType 189.1-2009 - Office - BreakRoom - CZ4-8 is not referenced by any space, it will not be translated.
[13:21:15.109389 INFO] [openstudio.energyplus.ForwardTranslator] SpaceType 189.1-2009 - Office - ClosedOffice - CZ4-8 is not referenced by any space, it will not be translated.
[13:21:15.109389 INFO] [openstudio.energyplus.ForwardTranslator] SpaceType 189.1-2009 - Office - Conference - CZ4-8 is not referenced by any space, it will not be translated.
[13:21:15.110386 INFO] [openstudio.energyplus.ForwardTranslator] SpaceType 189.1-2009 - Office - WholeBuilding - Sm Office - CZ4-8 is not referenced by any space, it will not be translated.
[13:21:15.110386 INFO] [openstudio.energyplus.ForwardTranslator] SpaceType 189.1-2009 - Office - WholeBuilding - Md Office - CZ4-8 is not referenced by any space, it will not be translated.
[13:21:15.110386 INFO] [openstudio.energyplus.ForwardTranslator] SpaceType 189.1-2009 - Office - Elec/MechRoom - CZ4-8 is not referenced by any space, it will not be translated.
[13:21:15.111386 INFO] [openstudio.energyplus.ForwardTranslator] SpaceType 189.1-2009 - Office - Lobby - CZ4-8 is not referenced by any space, it will not be translated.
[13:21:15.111386 INFO] [openstudio.energyplus.ForwardTranslator] SpaceType 189.1-2009 - Office - Restroom - CZ4-8 is not referenced by any space, it will not be translated.
[13:21:15.111386 INFO] [openstudio.energyplus.ForwardTranslator] SpaceType 189.1-2009 - Office - Stair - CZ4-8 is not referenced by any space, it will not be translated.
[13:21:15.112376 INFO] [openstudio.energyplus.ForwardTranslator] SpaceType 189.1-2009 - Office - Storage - CZ4-8 is not referenced by any space, it will not be translated.
[13:21:15.112376 INFO] [openstudio.energyplus.ForwardTranslator] SpaceType 189.1-2009 - Office - WholeBuilding - Lg Office - CZ4-8 is not referenced by any space, it will not be translated.
[13:21:15.139309 WARN] [openstudio.energyplus.ForwardTranslator] Object of type 'OS:ShadingControl' and named 'Shading Control 1' does not control any SubSurfaces, it will not be translated
[13:21:15.172223 WARN] [openstudio.energyplus.ForwardTranslator] OS_ProgramControl is not currently translated
[13:21:15.194162 WARN] [utilities.idf.WorkspaceObject] Object of type 'Schedule:Constant' and named 'Always Off Discrete', points to an object named OnOff from field 1, but that object cannot be located.
[13:21:15.194162 WARN] [utilities.idf.WorkspaceObject] Object of type 'Schedule:Constant' and named 'Always On Continuous', points to an object named Fractional 1 from field 1, but that object cannot be located.
[13:21:15.198121 INFO] [openstudio.workflow.OSWorkflow] Successfully translated to IDF
[13:21:15.198121 DEBUG] [openstudio.workflow.OSWorkflow] EnergyPlusMeasures - selected = true
[13:21:15.198121 INFO] [openstudio.workflow.OSWorkflow] Beginning to execute EnergyPlus Measures.
[13:21:15.198121 DEBUG] [openstudio.workflow.OSWorkflow] Finding measures of type EnergyPlusMeasure
[13:21:15.198121 INFO] [openstudio.workflow.OSWorkflow] Finished applying EnergyPlus Measures.
[13:21:15.199119 DEBUG] [openstudio.workflow.OSWorkflow] PreProcess - selected = true
[13:21:15.227604 INFO] [openstudio.workflow.OSWorkflow] Beginning to collect output requests from Reporting measures.
[13:21:15.227604 DEBUG] [openstudio.workflow.OSWorkflow] Finding measures of type ReportingMeasure
[13:21:15.227604 DEBUG] [openstudio.workflow.OSWorkflow] Running step 0
[13:21:15.228598 DEBUG] [openstudio.workflow.OSWorkflow] Find model's weather file and update LastEpwFilePath
[13:21:15.228598 DEBUG] [openstudio.workflow.OSWorkflow] Search for weather file C:/Users/GF/AppData/Local/Temp/osmodel-98b1-ec09-c8d3-e881-1716009490-0/resources/files/THA_Bangkok.484560_IWEC.epw
[13:21:15.229593 DEBUG] [openstudio.workflow.OSWorkflow] Creating run directory for measure in 'C:/Users/GF/AppData/Local/Temp/osmodel-98b1-ec09-c8d3-e881-1716009490-0/resources/run/000_OpenStudioResults'
[13:21:15.234549 INFO] [openstudio.XMLValidator] Treating schema as a regular XSD
[13:21:15.251503 DEBUG] [openstudio.workflow.OSWorkflow] Found OpenStudioResults at primaryScriptPath: 'C:/Users/GF/AppData/Local/Temp/osmodel-98b1-ec09-c8d3-e881-1716009490-0/resources/measures/OpenStudioResults/measure.rb'
[13:21:15.251503 DEBUG] [openstudio.workflow.OSWorkflow] Class Name: OpenStudioResults
[13:21:15.251503 DEBUG] [openstudio.workflow.OSWorkflow] Measure Script Path: C:/Users/GF/AppData/Local/Temp/osmodel-98b1-ec09-c8d3-e881-1716009490-0/resources/measures/OpenStudioResults/measure.rb
[13:21:15.251503 DEBUG] [openstudio.workflow.OSWorkflow] Measure Type: ReportingMeasure
[13:21:15.251503 DEBUG] [openstudio.workflow.OSWorkflow] Measure Language: Ruby
[13:21:15.252501 DEBUG] [ApplicationPathHelpers] getOpenStudioModule, szPath = 'C:\openstudioapplication-1.7.1\bin\openstudiolib.dll'
[13:21:15.252501 DEBUG] [PathHelpers] completeAndNormalize: result = C:/openstudioapplication-1.7.1/bin/openstudiolib.dll
[13:21:15.252501 DEBUG] [ApplicationPathHelpers] getOpenStudioModule, found 'C:/openstudioapplication-1.7.1/bin/openstudiolib.dll'
[13:21:24.867129 DEBUG] [openstudio.workflow.OSWorkflow] measure->name()= 'OpenStudio Results'
[13:21:24.867129 DEBUG] [openstudio.workflow.OSWorkflow] Current step has 0 arguments
[13:21:24.870121 INFO] [openstudio.standards.standard] Using OpenStudio Standards version 0.5.0 with template 90.1-2013.
[13:21:24.870121 INFO] [openstudio.standards.standard] Loading OpenStudio Standards data for 90.1-2013
[13:21:24.870121 DEBUG] [openstudio.standards.standard] Loading JSON files from OpenStudio CLI embedded directory :/ruby/2.7.0/gems/openstudio-standards-0.5.0/lib/openstudio-standards/standards/ashrae_90_1
[13:21:24.876110 DEBUG] [openstudio.standards.standard] Adding hvac_inference from Any.hvac_inference.json
[13:21:24.876110 DEBUG] [openstudio.standards.standard] Adding size_category from Any.size_category.json
[13:21:24.876110 DEBUG] [openstudio.standards.standard] Adding climate_zone_sets from ashrae_90_1.climate_zone_sets.json
[13:21:24.876110 DEBUG] [openstudio.standards.standard] Adding climate_zones from ashrae_90_1.climate_zones.json
[13:21:24.879139 DEBUG] [openstudio.standards.standard] Adding constructions from ashrae_90_1.constructions.json
[13:21:24.892087 DEBUG] [openstudio.standards.standard] Adding curves from ashrae_90_1.curves.json
[13:21:24.892087 DEBUG] [openstudio.standards.standard] Adding entryways from ashrae_90_1.entryways.json
[13:21:24.892087 DEBUG] [openstudio.standards.standard] Adding fans from ashrae_90_1.fans.json
[13:21:24.923039 DEBUG] [openstudio.standards.standard] Adding materials from ashrae_90_1.materials.json
[13:21:24.923039 DEBUG] [openstudio.standards.standard] Adding parking from ashrae_90_1.parking.json
[13:21:25.085603 DEBUG] [openstudio.standards.standard] Adding schedules from ashrae_90_1.schedules.json
[13:21:25.087596 DEBUG] [openstudio.standards.standard] Loading JSON files from OpenStudio CLI embedded directory :/ruby/2.7.0/gems/openstudio-standards-0.5.0/lib/openstudio-standards/standards/ashrae_90_1/ashrae_90_1_2013
[13:21:25.099563 DEBUG] [openstudio.standards.standard] Adding boilers from ashrae_90_1_2013.boilers.json
[13:21:25.100530 DEBUG] [openstudio.standards.standard] Adding chillers from ashrae_90_1_2013.chillers.json
[13:21:25.118482 DEBUG] [openstudio.standards.standard] Adding construction_properties from ashrae_90_1_2013.construction_properties.json
[13:21:25.121473 DEBUG] [openstudio.standards.standard] Adding construction_sets from ashrae_90_1_2013.construction_sets.json
[13:21:25.123467 DEBUG] [openstudio.standards.standard] Adding economizers from ashrae_90_1_2013.economizers.json
[13:21:25.124467 DEBUG] [openstudio.standards.standard] Adding elevators from ashrae_90_1_2013.elevators.json
[13:21:25.127488 DEBUG] [openstudio.standards.standard] Adding energy_recovery from ashrae_90_1_2013.energy_recovery.json
[13:21:25.127488 DEBUG] [openstudio.standards.standard] Adding exterior_lighting from ashrae_90_1_2013.ext_ltg.json
[13:21:25.127488 DEBUG] [openstudio.standards.standard] Adding furnaces from ashrae_90_1_2013.furnaces.json
[13:21:25.145440 DEBUG] [openstudio.standards.standard] Adding ground_temperatures from ashrae_90_1_2013.ground_temperatures.json
[13:21:25.146407 DEBUG] [openstudio.standards.standard] Adding heat_pumps from ashrae_90_1_2013.heat_pumps.json
[13:21:25.147412 DEBUG] [openstudio.standards.standard] Adding heat_pumps_heating from ashrae_90_1_2013.heat_pumps_heating.json
[13:21:25.147412 DEBUG] [openstudio.standards.standard] Adding heat_rejection from ashrae_90_1_2013.heat_rejection.json
[13:21:25.147412 DEBUG] [openstudio.standards.standard] Adding motors from ashrae_90_1_2013.motors.json
[13:21:25.149431 DEBUG] [openstudio.standards.standard] Adding prototype_inputs from ashrae_90_1_2013.prototype_inputs.json
[13:21:25.150399 DEBUG] [openstudio.standards.standard] Adding refrigerated_cases from ashrae_90_1_2013.ref_cases.json
[13:21:25.150399 DEBUG] [openstudio.standards.standard] Adding refrigeration_system_lineup from ashrae_90_1_2013.ref_lnup.json
[13:21:25.151393 DEBUG] [openstudio.standards.standard] Adding refrigeration_compressors from ashrae_90_1_2013.refrigeration_compressors.json
[13:21:25.151393 DEBUG] [openstudio.standards.standard] Adding refrigeration_condenser from ashrae_90_1_2013.refrigeration_condenser.json
[13:21:25.151393 DEBUG] [openstudio.standards.standard] Adding refrigeration_system from ashrae_90_1_2013.refrigeration_system.json
[13:21:25.153388 DEBUG] [openstudio.standards.standard] Adding refrigeration_walkins from ashrae_90_1_2013.refrigeration_walkins.json
[13:21:25.169378 DEBUG] [openstudio.standards.standard] Adding space_types from ashrae_90_1_2013.spc_typ.json
[13:21:25.169378 DEBUG] [openstudio.standards.standard] Adding unitary_acs from ashrae_90_1_2013.unitary_acs.json
[13:21:25.170369 DEBUG] [openstudio.standards.standard] Adding water_heaters from ashrae_90_1_2013.water_heaters.json
[13:21:25.170369 DEBUG] [openstudio.standards.standard] Adding water_source_heat_pumps from ashrae_90_1_2013.water_source_heat_pumps.json
[13:21:25.170369 DEBUG] [openstudio.standards.standard] Adding water_source_heat_pumps_heating from ashrae_90_1_2013.water_source_heat_pumps_heating.json
[13:21:25.174367 DEBUG] [openstudio.workflow.OSWorkflow] argumentMap={"air_loops_detail_section": "true", "annual_overview_section": "true", "building_summary_section": "true", "cost_summary_section": "true", "envelope_section_section": "true", "exterior_light_section": "true", "hvac_load_profile": "true", "interior_lighting_section": "true", "measure_warning_section": "true", "monthly_overview_section": "true", "outdoor_air_section": "true", "plant_loops_detail_section": "true", "plug_loads_section": "true", "reg_monthly_details": "false", "schedules_overview_section": "true", "source_energy_section": "true", "space_type_breakdown_section": "true", "space_type_details_section": "true", "units": "IP", "utility_bills_rates_section": "true", "water_use_section": "true", "zone_condition_section": "true", "zone_equipment_detail_section": "true", "zone_summary_section": "true"}
[13:21:25.174367 DEBUG] [openstudio.workflow.OSWorkflow] Calling measure.energyPlusOutputRequests for 'OpenStudioResults'
[13:21:25.175356 INFO] [openstudio.standards.standard] Using OpenStudio Standards version 0.5.0 with template 90.1-2013.
[13:21:25.175356 INFO] [openstudio.standards.standard] Loading OpenStudio Standards data for 90.1-2013
[13:21:25.175356 DEBUG] [openstudio.standards.standard] Loading JSON files from OpenStudio CLI embedded directory :/ruby/2.7.0/gems/openstudio-standards-0.5.0/lib/openstudio-standards/standards/ashrae_90_1
[13:21:25.179318 DEBUG] [openstudio.standards.standard] Adding hvac_inference from Any.hvac_inference.json
[13:21:25.179318 DEBUG] [openstudio.standards.standard] Adding size_category from Any.size_category.json
[13:21:25.179318 DEBUG] [openstudio.standards.standard] Adding climate_zone_sets from ashrae_90_1.climate_zone_sets.json
[13:21:25.180315 DEBUG] [openstudio.standards.standard] Adding climate_zones from ashrae_90_1.climate_zones.json
[13:21:25.182310 DEBUG] [openstudio.standards.standard] Adding constructions from ashrae_90_1.constructions.json
[13:21:25.193280 DEBUG] [openstudio.standards.standard] Adding curves from ashrae_90_1.curves.json
[13:21:25.193280 DEBUG] [openstudio.standards.standard] Adding entryways from ashrae_90_1.entryways.json
[13:21:25.194278 DEBUG] [openstudio.standards.standard] Adding fans from ashrae_90_1.fans.json
[13:21:25.225227 DEBUG] [openstudio.standards.standard] Adding materials from ashrae_90_1.materials.json
[13:21:25.226193 DEBUG] [openstudio.standards.standard] Adding parking from ashrae_90_1.parking.json
[13:21:25.360832 DEBUG] [openstudio.standards.standard] Adding schedules from ashrae_90_1.schedules.json
[13:21:25.361830 DEBUG] [openstudio.standards.standard] Loading JSON files from OpenStudio CLI embedded directory :/ruby/2.7.0/gems/openstudio-standards-0.5.0/lib/openstudio-standards/standards/ashrae_90_1/ashrae_90_1_2013
[13:21:25.364822 DEBUG] [openstudio.standards.standard] Adding boilers from ashrae_90_1_2013.boilers.json
[13:21:25.365819 DEBUG] [openstudio.standards.standard] Adding chillers from ashrae_90_1_2013.chillers.json
[13:21:25.373798 DEBUG] [openstudio.standards.standard] Adding construction_properties from ashrae_90_1_2013.construction_properties.json
[13:21:25.374795 DEBUG] [openstudio.standards.standard] Adding construction_sets from ashrae_90_1_2013.construction_sets.json
[13:21:25.375798 DEBUG] [openstudio.standards.standard] Adding economizers from ashrae_90_1_2013.economizers.json
[13:21:25.375798 DEBUG] [openstudio.standards.standard] Adding elevators from ashrae_90_1_2013.elevators.json
[13:21:25.376802 DEBUG] [openstudio.standards.standard] Adding energy_recovery from ashrae_90_1_2013.energy_recovery.json
[13:21:25.377787 DEBUG] [openstudio.standards.standard] Adding exterior_lighting from ashrae_90_1_2013.ext_ltg.json
[13:21:25.377787 DEBUG] [openstudio.standards.standard] Adding furnaces from ashrae_90_1_2013.furnaces.json
[13:21:25.382774 DEBUG] [openstudio.standards.standard] Adding ground_temperatures from ashrae_90_1_2013.ground_temperatures.json
[13:21:25.397734 DEBUG] [openstudio.standards.standard] Adding heat_pumps from ashrae_90_1_2013.heat_pumps.json
[13:21:25.397734 DEBUG] [openstudio.standards.standard] Adding heat_pumps_heating from ashrae_90_1_2013.heat_pumps_heating.json
[13:21:25.397734 DEBUG] [openstudio.standards.standard] Adding heat_rejection from ashrae_90_1_2013.heat_rejection.json
[13:21:25.398736 DEBUG] [openstudio.standards.standard] Adding motors from ashrae_90_1_2013.motors.json
[13:21:25.400726 DEBUG] [openstudio.standards.standard] Adding prototype_inputs from ashrae_90_1_2013.prototype_inputs.json
[13:21:25.401723 DEBUG] [openstudio.standards.standard] Adding refrigerated_cases from ashrae_90_1_2013.ref_cases.json
[13:21:25.402721 DEBUG] [openstudio.standards.standard] Adding refrigeration_system_lineup from ashrae_90_1_2013.ref_lnup.json
[13:21:25.402721 DEBUG] [openstudio.standards.standard] Adding refrigeration_compressors from ashrae_90_1_2013.refrigeration_compressors.json
[13:21:25.402721 DEBUG] [openstudio.standards.standard] Adding refrigeration_condenser from ashrae_90_1_2013.refrigeration_condenser.json
[13:21:25.403728 DEBUG] [openstudio.standards.standard] Adding refrigeration_system from ashrae_90_1_2013.refrigeration_system.json
[13:21:25.405712 DEBUG] [openstudio.standards.standard] Adding refrigeration_walkins from ashrae_90_1_2013.refrigeration_walkins.json
[13:21:25.421670 DEBUG] [openstudio.standards.standard] Adding space_types from ashrae_90_1_2013.spc_typ.json
[13:21:25.422686 DEBUG] [openstudio.standards.standard] Adding unitary_acs from ashrae_90_1_2013.unitary_acs.json
[13:21:25.422686 DEBUG] [openstudio.standards.standard] Adding water_heaters from ashrae_90_1_2013.water_heaters.json
[13:21:25.422686 DEBUG] [openstudio.standards.standard] Adding water_source_heat_pumps from ashrae_90_1_2013.water_source_heat_pumps.json
[13:21:25.422686 DEBUG] [openstudio.standards.standard] Adding water_source_heat_pumps_heating from ashrae_90_1_2013.water_source_heat_pumps_heating.json
[13:21:25.428652 DEBUG] [openstudio.workflow.OSWorkflow] Finished measure.energyPlusOutputRequests for 'OpenStudioResults', 11 output requests added
[13:21:25.428652 INFO] [openstudio.workflow.OSWorkflow] Finished collecting output requests from Reporting measures.
[13:21:25.428652 INFO] [openstudio.workflow.OSWorkflow] Running EnergyPlus Preprocess
[13:21:25.430646 INFO] [openstudio.workflow.OSWorkflow] Finished preprocess job for EnergyPlus simulation
[13:21:25.455579 DEBUG] [openstudio.workflow.OSWorkflow] Saved final IDF as C:/Users/GF/AppData/Local/Temp/osmodel-98b1-ec09-c8d3-e881-1716009490-0/resources/run/in.idf
[13:21:25.455579 DEBUG] [openstudio.workflow.OSWorkflow] EnergyPlus - selected = true
[13:21:25.456576 DEBUG] [openstudio.OSWorkflow.prepareEnergyPlusDir] Original Directory: C:/openstudioapplication-1.7.1/bin
[13:21:25.456576 DEBUG] [openstudio.OSWorkflow.prepareEnergyPlusDir] Changing To run directory: C:/Users/GF/AppData/Local/Temp/osmodel-98b1-ec09-c8d3-e881-1716009490-0/resources/run
[13:21:25.456576 DEBUG] [ApplicationPathHelpers] getOpenStudioModule, szPath = 'C:\openstudioapplication-1.7.1\bin\openstudiolib.dll'
[13:21:25.457574 DEBUG] [PathHelpers] completeAndNormalize: result = C:/openstudioapplication-1.7.1/bin/openstudiolib.dll
[13:21:25.457574 DEBUG] [ApplicationPathHelpers] getOpenStudioModule, found 'C:/openstudioapplication-1.7.1/bin/openstudiolib.dll'
[13:21:25.457574 DEBUG] [ApplicationPathHelpers] Searching for EnergyPlus in 'C:/openstudioapplication-1.7.1/EnergyPlus/energyplus.exe'
[13:21:25.458571 DEBUG] [PathHelpers] completeAndNormalize: result = C:/openstudioapplication-1.7.1/EnergyPlus/energyplus.exe
[13:21:25.458571 DEBUG] [ApplicationPathHelpers] Found EnergyPlus at 'C:/openstudioapplication-1.7.1/EnergyPlus/energyplus.exe'
[13:21:25.460571 DEBUG] [PathHelpers] completeAndNormalize: result = C:/openstudioapplication-1.7.1/EnergyPlus/energyplus.exe
[13:21:25.469542 INFO] [openstudio.OSWorkflow.prepareEnergyPlusDir] EnergyPlus executable path is C:/openstudioapplication-1.7.1/EnergyPlus/energyplus.exe
[13:21:25.469542 INFO] [openstudio.OSWorkflow.prepareEnergyPlusDir] ExpandObjects executable path is C:/openstudioapplication-1.7.1/EnergyPlus/ExpandObjects.exe
[13:21:25.469542 INFO] [openstudio.workflow.OSWorkflow] Starting simulation in run directory: C:/Users/GF/AppData/Local/Temp/osmodel-98b1-ec09-c8d3-e881-1716009490-0/resources/run
[13:21:25.497467 INFO] [openstudio.workflow.OSWorkflow] Running command 'C:/openstudioapplication-1.7.1\EnergyPlus\ExpandObjects.exe'
[13:21:25.616676 INFO] [openstudio.workflow.OSWorkflow] Running command '"C:/openstudioapplication-1.7.1\EnergyPlus\energyplus.exe" in.idf'
[13:21:26.036574 INFO] [openstudio.workflow.OSWorkflow] EnergyPlus returned '1'
[13:21:26.036574 WARN] [openstudio.workflow.OSWorkflow] EnergyPlus returned a non-zero exit code (1). Check the stdout-energyplus log
[13:21:26.037537 INFO] [openstudio.OSWorkflow.prepareEnergyPlusDir] Removing any copied EnergyPlus files
[13:21:26.038533 DEBUG] [openstudio.OSWorkflow.prepareEnergyPlusDir] Changing Current Directory back to: C:/openstudioapplication-1.7.1/bin
[13:21:26.038533 FATAL] [openstudio.workflow.OSWorkflow] EnergyPlus Terminated with a Fatal Error. Check eplusout.err log.
[13:21:26.038533 ERROR] [openstudio.workflow.OSWorkflow] Found error in state 'EnergyPlus' with message: 'D:\OSN\src\workflow\RunEnergyPlus.cpp@291 : EnergyPlus Terminated with a Fatal Error. Check eplusout.err log.'
[13:21:26.177440 INFO] [openstudio.XMLValidator] Treating schema as a regular XSD
