[15:13:33.215146 DEBUG] [openstudio.workflow.OSWorkflow] Removing existing run directory: C:/Users/GF/AppData/Local/Temp/osmodel-23d8-2452-5c91-47a3-1715930003-0/resources/run
[15:13:33.215146 DEBUG] [openstudio.workflow.OSWorkflow] Registering that the workflow has started with the adapter
[15:13:33.216145 DEBUG] [openstudio.workflow.OSWorkflow] Initialization - selected = true
[15:13:33.216145 DEBUG] [openstudio.workflow.OSWorkflow] The root_dir for the datapoint is C:/Users/GF/AppData/Local/Temp/osmodel-23d8-2452-5c91-47a3-1715930003-0/resources
[15:13:33.216145 DEBUG] [openstudio.workflow.OSWorkflow] Removing existing generated files directory: C:/Users/GF/AppData/Local/Temp/osmodel-23d8-2452-5c91-47a3-1715930003-0/resources/generated_files
[15:13:33.222191 DEBUG] [openstudio.workflow.OSWorkflow] Creating generated files directory: C:/Users/GF/AppData/Local/Temp/osmodel-23d8-2452-5c91-47a3-1715930003-0/resources/generated_files
[15:13:33.223192 DEBUG] [openstudio.workflow.OSWorkflow] Removing existing reports directory: C:/Users/GF/AppData/Local/Temp/osmodel-23d8-2452-5c91-47a3-1715930003-0/resources/reports
[15:13:33.224188 DEBUG] [openstudio.workflow.OSWorkflow] Finding and loading the seed file
[15:13:33.229178 INFO] [openstudio.worklow.Util] Loading OSM model
[15:13:33.229178 INFO] [openstudio.worklow.Util] Reading in OSM model C:/Users/GF/AppData/Local/Temp/osmodel-23d8-2452-5c91-47a3-1715930003-0/simple_house_change.osm
[15:13:33.242140 DEBUG] [openstudio.osversion.VersionTranslator] Starting translation from Version 3.7.0.
[15:13:33.290013 DEBUG] [openstudio.osversion.VersionTranslator] Initial model has 1038 objects.
[15:13:33.291011 DEBUG] [openstudio.osversion.VersionTranslator] Final model has 1038 objects in IDF form.
[15:13:33.314978 DEBUG] [utilities.idf.Workspace] Workspace::isValid called.
[15:13:33.412715 DEBUG] [openstudio.osversion.VersionTranslator] Final model has 1038 objects in Model form.
[15:13:33.418706 DEBUG] [openstudio.workflow.OSWorkflow] Initialize the weather file from osw
[15:13:33.418706 DEBUG] [openstudio.workflow.OSWorkflow] Search for weather file defined by osw TWN_Taipei.466960_IWEC.epw
[15:13:33.429643 DEBUG] [openstudio.EpwFile] No Daylightings Saving start Date
[15:13:33.433629 WARN] [openstudio.EpwFile] Successive data points (1995-Jan-31 to 1988-Feb-01, ending on line 753) are greater than 1 day apart in EPW file 'C:/Users/GF/AppData/Local/Temp/osmodel-23d8-2452-5c91-47a3-1715930003-0/resources/files/TWN_Taipei.466960_IWEC.epw'. Data will be treated as typical (TMY)
[15:13:33.472524 INFO] [openstudio.XMLValidator] Treating schema as a regular XSD
[15:13:33.488482 DEBUG] [openstudio.workflow.OSWorkflow] OpenStudioMeasures - selected = true
[15:13:33.488482 INFO] [openstudio.workflow.OSWorkflow] Beginning to execute OpenStudio Measures
[15:13:33.488482 DEBUG] [openstudio.workflow.OSWorkflow] Finding measures of type ModelMeasure
[15:13:33.488482 INFO] [openstudio.workflow.OSWorkflow] Finished applying OpenStudio Measures.
[15:13:33.553315 DEBUG] [openstudio.workflow.OSWorkflow] Translator - selected = true
[15:13:33.557273 INFO] [openstudio.workflow.OSWorkflow] Beginning the translation to IDF
[15:13:33.564273 INFO] [openstudio.energyplus.ForwardTranslator] SpaceType 189.1-2009 - Office - Vending - CZ4-8 is not referenced by any space, it will not be translated.
[15:13:33.565251 INFO] [openstudio.energyplus.ForwardTranslator] SpaceType 189.1-2009 - Office - BreakRoom - CZ1-3 is not referenced by any space, it will not be translated.
[15:13:33.565251 INFO] [openstudio.energyplus.ForwardTranslator] SpaceType 189.1-2009 - Office - IT_Room - CZ4-8 is not referenced by any space, it will not be translated.
[15:13:33.566278 INFO] [openstudio.energyplus.ForwardTranslator] SpaceType 189.1-2009 - Office - Lobby - CZ1-3 is not referenced by any space, it will not be translated.
[15:13:33.566278 INFO] [openstudio.energyplus.ForwardTranslator] SpaceType 189.1-2009 - Office - ClosedOffice - CZ1-3 is not referenced by any space, it will not be translated.
[15:13:33.566278 INFO] [openstudio.energyplus.ForwardTranslator] SpaceType 189.1-2009 - Office - OpenOffice - CZ1-3 is not referenced by any space, it will not be translated.
[15:13:33.567279 INFO] [openstudio.energyplus.ForwardTranslator] SpaceType 189.1-2009 - Office - Conference - CZ1-3 is not referenced by any space, it will not be translated.
[15:13:33.568245 INFO] [openstudio.energyplus.ForwardTranslator] SpaceType 189.1-2009 - Office - Corridor - CZ1-3 is not referenced by any space, it will not be translated.
[15:13:33.568245 INFO] [openstudio.energyplus.ForwardTranslator] SpaceType 189.1-2009 - Office - WholeBuilding - Md Office - CZ1-3 is not referenced by any space, it will not be translated.
[15:13:33.568245 INFO] [openstudio.energyplus.ForwardTranslator] SpaceType 189.1-2009 - Office - Elec/MechRoom - CZ1-3 is not referenced by any space, it will not be translated.
[15:13:33.569275 INFO] [openstudio.energyplus.ForwardTranslator] SpaceType 189.1-2009 - Office - IT_Room - CZ1-3 is not referenced by any space, it will not be translated.
[15:13:33.570272 INFO] [openstudio.energyplus.ForwardTranslator] SpaceType 189.1-2009 - Office - WholeBuilding - Sm Office - CZ1-3 is not referenced by any space, it will not be translated.
[15:13:33.570272 INFO] [openstudio.energyplus.ForwardTranslator] SpaceType 189.1-2009 - Office - PrintRoom - CZ1-3 is not referenced by any space, it will not be translated.
[15:13:33.570272 INFO] [openstudio.energyplus.ForwardTranslator] SpaceType 189.1-2009 - Office - Restroom - CZ1-3 is not referenced by any space, it will not be translated.
[15:13:33.571237 INFO] [openstudio.energyplus.ForwardTranslator] SpaceType 189.1-2009 - Office - Stair - CZ1-3 is not referenced by any space, it will not be translated.
[15:13:33.571237 INFO] [openstudio.energyplus.ForwardTranslator] SpaceType 189.1-2009 - Office - Corridor - CZ4-8 is not referenced by any space, it will not be translated.
[15:13:33.572261 INFO] [openstudio.energyplus.ForwardTranslator] SpaceType 189.1-2009 - Office - Storage - CZ1-3 is not referenced by any space, it will not be translated.
[15:13:33.572261 INFO] [openstudio.energyplus.ForwardTranslator] SpaceType 189.1-2009 - Office - PrintRoom - CZ4-8 is not referenced by any space, it will not be translated.
[15:13:33.572261 INFO] [openstudio.energyplus.ForwardTranslator] SpaceType 189.1-2009 - Office - WholeBuilding - Lg Office - CZ1-3 is not referenced by any space, it will not be translated.
[15:13:33.573258 INFO] [openstudio.energyplus.ForwardTranslator] SpaceType 189.1-2009 - Office - Vending - CZ1-3 is not referenced by any space, it will not be translated.
[15:13:33.573258 INFO] [openstudio.energyplus.ForwardTranslator] SpaceType 189.1-2009 - Office - BreakRoom - CZ4-8 is not referenced by any space, it will not be translated.
[15:13:33.573258 INFO] [openstudio.energyplus.ForwardTranslator] SpaceType 189.1-2009 - Office - ClosedOffice - CZ4-8 is not referenced by any space, it will not be translated.
[15:13:33.574258 INFO] [openstudio.energyplus.ForwardTranslator] SpaceType 189.1-2009 - Office - Conference - CZ4-8 is not referenced by any space, it will not be translated.
[15:13:33.574258 INFO] [openstudio.energyplus.ForwardTranslator] SpaceType 189.1-2009 - Office - WholeBuilding - Sm Office - CZ4-8 is not referenced by any space, it will not be translated.
[15:13:33.574258 INFO] [openstudio.energyplus.ForwardTranslator] SpaceType 189.1-2009 - Office - WholeBuilding - Md Office - CZ4-8 is not referenced by any space, it will not be translated.
[15:13:33.575255 INFO] [openstudio.energyplus.ForwardTranslator] SpaceType 189.1-2009 - Office - Elec/MechRoom - CZ4-8 is not referenced by any space, it will not be translated.
[15:13:33.575255 INFO] [openstudio.energyplus.ForwardTranslator] SpaceType 189.1-2009 - Office - Lobby - CZ4-8 is not referenced by any space, it will not be translated.
[15:13:33.576224 INFO] [openstudio.energyplus.ForwardTranslator] SpaceType 189.1-2009 - Office - Restroom - CZ4-8 is not referenced by any space, it will not be translated.
[15:13:33.576224 INFO] [openstudio.energyplus.ForwardTranslator] SpaceType 189.1-2009 - Office - Stair - CZ4-8 is not referenced by any space, it will not be translated.
[15:13:33.577220 INFO] [openstudio.energyplus.ForwardTranslator] SpaceType 189.1-2009 - Office - Storage - CZ4-8 is not referenced by any space, it will not be translated.
[15:13:33.577220 INFO] [openstudio.energyplus.ForwardTranslator] SpaceType 189.1-2009 - Office - WholeBuilding - Lg Office - CZ4-8 is not referenced by any space, it will not be translated.
[15:13:33.620105 WARN] [openstudio.energyplus.ForwardTranslator] Object of type 'OS:ShadingControl' and named 'Shading Control 1' does not control any SubSurfaces, it will not be translated
[15:13:33.649058 WARN] [openstudio.energyplus.ForwardTranslator] OS_ProgramControl is not currently translated
[15:13:33.678981 WARN] [utilities.idf.WorkspaceObject] Object of type 'Schedule:Constant' and named 'Always Off Discrete', points to an object named OnOff 1 from field 1, but that object cannot be located.
[15:13:33.678981 WARN] [utilities.idf.WorkspaceObject] Object of type 'Schedule:Constant' and named 'Always On Continuous', points to an object named Fractional 1 from field 1, but that object cannot be located.
[15:13:33.682939 INFO] [openstudio.workflow.OSWorkflow] Successfully translated to IDF
[15:13:33.682939 DEBUG] [openstudio.workflow.OSWorkflow] EnergyPlusMeasures - selected = true
[15:13:33.682939 INFO] [openstudio.workflow.OSWorkflow] Beginning to execute EnergyPlus Measures.
[15:13:33.682939 DEBUG] [openstudio.workflow.OSWorkflow] Finding measures of type EnergyPlusMeasure
[15:13:33.682939 INFO] [openstudio.workflow.OSWorkflow] Finished applying EnergyPlus Measures.
[15:13:33.683936 DEBUG] [openstudio.workflow.OSWorkflow] PreProcess - selected = true
[15:13:33.713854 INFO] [openstudio.workflow.OSWorkflow] Beginning to collect output requests from Reporting measures.
[15:13:33.713854 DEBUG] [openstudio.workflow.OSWorkflow] Finding measures of type ReportingMeasure
[15:13:33.713854 DEBUG] [openstudio.workflow.OSWorkflow] Running step 0
[15:13:33.714853 DEBUG] [openstudio.workflow.OSWorkflow] Find model's weather file and update LastEpwFilePath
[15:13:33.714853 DEBUG] [openstudio.workflow.OSWorkflow] Search for weather file C:/Users/GF/AppData/Local/Temp/osmodel-23d8-2452-5c91-47a3-1715930003-0/resources/files/TWN_Taipei.466960_IWEC.epw
[15:13:33.715851 DEBUG] [openstudio.workflow.OSWorkflow] Creating run directory for measure in 'C:/Users/GF/AppData/Local/Temp/osmodel-23d8-2452-5c91-47a3-1715930003-0/resources/run/000_OpenStudioResults'
[15:13:33.720837 INFO] [openstudio.XMLValidator] Treating schema as a regular XSD
[15:13:33.737823 DEBUG] [openstudio.workflow.OSWorkflow] Found OpenStudioResults at primaryScriptPath: 'C:/Users/GF/AppData/Local/Temp/osmodel-23d8-2452-5c91-47a3-1715930003-0/resources/measures/OpenStudioResults/measure.rb'
[15:13:33.738819 DEBUG] [openstudio.workflow.OSWorkflow] Class Name: OpenStudioResults
[15:13:33.738819 DEBUG] [openstudio.workflow.OSWorkflow] Measure Script Path: C:/Users/GF/AppData/Local/Temp/osmodel-23d8-2452-5c91-47a3-1715930003-0/resources/measures/OpenStudioResults/measure.rb
[15:13:33.738819 DEBUG] [openstudio.workflow.OSWorkflow] Measure Type: ReportingMeasure
[15:13:33.738819 DEBUG] [openstudio.workflow.OSWorkflow] Measure Language: Ruby
[15:13:33.738819 DEBUG] [ApplicationPathHelpers] getOpenStudioModule, szPath = 'C:\openstudioapplication-1.7.1\bin\openstudiolib.dll'
[15:13:33.738819 DEBUG] [PathHelpers] completeAndNormalize: result = C:/openstudioapplication-1.7.1/bin/openstudiolib.dll
[15:13:33.738819 DEBUG] [ApplicationPathHelpers] getOpenStudioModule, found 'C:/openstudioapplication-1.7.1/bin/openstudiolib.dll'
[15:13:43.340755 DEBUG] [openstudio.workflow.OSWorkflow] measure->name()= 'OpenStudio Results'
[15:13:43.340755 DEBUG] [openstudio.workflow.OSWorkflow] Current step has 0 arguments
[15:13:43.344713 INFO] [openstudio.standards.standard] Using OpenStudio Standards version 0.5.0 with template 90.1-2013.
[15:13:43.344713 INFO] [openstudio.standards.standard] Loading OpenStudio Standards data for 90.1-2013
[15:13:43.344713 DEBUG] [openstudio.standards.standard] Loading JSON files from OpenStudio CLI embedded directory :/ruby/2.7.0/gems/openstudio-standards-0.5.0/lib/openstudio-standards/standards/ashrae_90_1
[15:13:43.348730 DEBUG] [openstudio.standards.standard] Adding hvac_inference from Any.hvac_inference.json
[15:13:43.349727 DEBUG] [openstudio.standards.standard] Adding size_category from Any.size_category.json
[15:13:43.349727 DEBUG] [openstudio.standards.standard] Adding climate_zone_sets from ashrae_90_1.climate_zone_sets.json
[15:13:43.349727 DEBUG] [openstudio.standards.standard] Adding climate_zones from ashrae_90_1.climate_zones.json
[15:13:43.351695 DEBUG] [openstudio.standards.standard] Adding constructions from ashrae_90_1.constructions.json
[15:13:43.362699 DEBUG] [openstudio.standards.standard] Adding curves from ashrae_90_1.curves.json
[15:13:43.363689 DEBUG] [openstudio.standards.standard] Adding entryways from ashrae_90_1.entryways.json
[15:13:43.363689 DEBUG] [openstudio.standards.standard] Adding fans from ashrae_90_1.fans.json
[15:13:43.396608 DEBUG] [openstudio.standards.standard] Adding materials from ashrae_90_1.materials.json
[15:13:43.396608 DEBUG] [openstudio.standards.standard] Adding parking from ashrae_90_1.parking.json
[15:13:43.560177 DEBUG] [openstudio.standards.standard] Adding schedules from ashrae_90_1.schedules.json
[15:13:43.563155 DEBUG] [openstudio.standards.standard] Loading JSON files from OpenStudio CLI embedded directory :/ruby/2.7.0/gems/openstudio-standards-0.5.0/lib/openstudio-standards/standards/ashrae_90_1/ashrae_90_1_2013
[15:13:43.574133 DEBUG] [openstudio.standards.standard] Adding boilers from ashrae_90_1_2013.boilers.json
[15:13:43.576095 DEBUG] [openstudio.standards.standard] Adding chillers from ashrae_90_1_2013.chillers.json
[15:13:43.592078 DEBUG] [openstudio.standards.standard] Adding construction_properties from ashrae_90_1_2013.construction_properties.json
[15:13:43.595044 DEBUG] [openstudio.standards.standard] Adding construction_sets from ashrae_90_1_2013.construction_sets.json
[15:13:43.596041 DEBUG] [openstudio.standards.standard] Adding economizers from ashrae_90_1_2013.economizers.json
[15:13:43.597075 DEBUG] [openstudio.standards.standard] Adding elevators from ashrae_90_1_2013.elevators.json
[15:13:43.599068 DEBUG] [openstudio.standards.standard] Adding energy_recovery from ashrae_90_1_2013.energy_recovery.json
[15:13:43.616021 DEBUG] [openstudio.standards.standard] Adding exterior_lighting from ashrae_90_1_2013.ext_ltg.json
[15:13:43.616021 DEBUG] [openstudio.standards.standard] Adding furnaces from ashrae_90_1_2013.furnaces.json
[15:13:43.622000 DEBUG] [openstudio.standards.standard] Adding ground_temperatures from ashrae_90_1_2013.ground_temperatures.json
[15:13:43.622997 DEBUG] [openstudio.standards.standard] Adding heat_pumps from ashrae_90_1_2013.heat_pumps.json
[15:13:43.622997 DEBUG] [openstudio.standards.standard] Adding heat_pumps_heating from ashrae_90_1_2013.heat_pumps_heating.json
[15:13:43.622997 DEBUG] [openstudio.standards.standard] Adding heat_rejection from ashrae_90_1_2013.heat_rejection.json
[15:13:43.623968 DEBUG] [openstudio.standards.standard] Adding motors from ashrae_90_1_2013.motors.json
[15:13:43.625989 DEBUG] [openstudio.standards.standard] Adding prototype_inputs from ashrae_90_1_2013.prototype_inputs.json
[15:13:43.626959 DEBUG] [openstudio.standards.standard] Adding refrigerated_cases from ashrae_90_1_2013.ref_cases.json
[15:13:43.627956 DEBUG] [openstudio.standards.standard] Adding refrigeration_system_lineup from ashrae_90_1_2013.ref_lnup.json
[15:13:43.627956 DEBUG] [openstudio.standards.standard] Adding refrigeration_compressors from ashrae_90_1_2013.refrigeration_compressors.json
[15:13:43.627956 DEBUG] [openstudio.standards.standard] Adding refrigeration_condenser from ashrae_90_1_2013.refrigeration_condenser.json
[15:13:43.627956 DEBUG] [openstudio.standards.standard] Adding refrigeration_system from ashrae_90_1_2013.refrigeration_system.json
[15:13:43.629978 DEBUG] [openstudio.standards.standard] Adding refrigeration_walkins from ashrae_90_1_2013.refrigeration_walkins.json
[15:13:43.663892 DEBUG] [openstudio.standards.standard] Adding space_types from ashrae_90_1_2013.spc_typ.json
[15:13:43.663892 DEBUG] [openstudio.standards.standard] Adding unitary_acs from ashrae_90_1_2013.unitary_acs.json
[15:13:43.664919 DEBUG] [openstudio.standards.standard] Adding water_heaters from ashrae_90_1_2013.water_heaters.json
[15:13:43.664919 DEBUG] [openstudio.standards.standard] Adding water_source_heat_pumps from ashrae_90_1_2013.water_source_heat_pumps.json
[15:13:43.664919 DEBUG] [openstudio.standards.standard] Adding water_source_heat_pumps_heating from ashrae_90_1_2013.water_source_heat_pumps_heating.json
[15:13:43.668882 DEBUG] [openstudio.workflow.OSWorkflow] argumentMap={"air_loops_detail_section": "true", "annual_overview_section": "true", "building_summary_section": "true", "cost_summary_section": "true", "envelope_section_section": "true", "exterior_light_section": "true", "hvac_load_profile": "true", "interior_lighting_section": "true", "measure_warning_section": "true", "monthly_overview_section": "true", "outdoor_air_section": "true", "plant_loops_detail_section": "true", "plug_loads_section": "true", "reg_monthly_details": "false", "schedules_overview_section": "true", "source_energy_section": "true", "space_type_breakdown_section": "true", "space_type_details_section": "true", "units": "IP", "utility_bills_rates_section": "true", "water_use_section": "true", "zone_condition_section": "true", "zone_equipment_detail_section": "true", "zone_summary_section": "true"}
[15:13:43.668882 DEBUG] [openstudio.workflow.OSWorkflow] Calling measure.energyPlusOutputRequests for 'OpenStudioResults'
[15:13:43.669845 INFO] [openstudio.standards.standard] Using OpenStudio Standards version 0.5.0 with template 90.1-2013.
[15:13:43.669845 INFO] [openstudio.standards.standard] Loading OpenStudio Standards data for 90.1-2013
[15:13:43.669845 DEBUG] [openstudio.standards.standard] Loading JSON files from OpenStudio CLI embedded directory :/ruby/2.7.0/gems/openstudio-standards-0.5.0/lib/openstudio-standards/standards/ashrae_90_1
[15:13:43.673834 DEBUG] [openstudio.standards.standard] Adding hvac_inference from Any.hvac_inference.json
[15:13:43.674833 DEBUG] [openstudio.standards.standard] Adding size_category from Any.size_category.json
[15:13:43.674833 DEBUG] [openstudio.standards.standard] Adding climate_zone_sets from ashrae_90_1.climate_zone_sets.json
[15:13:43.674833 DEBUG] [openstudio.standards.standard] Adding climate_zones from ashrae_90_1.climate_zones.json
[15:13:43.676852 DEBUG] [openstudio.standards.standard] Adding constructions from ashrae_90_1.constructions.json
[15:13:43.687828 DEBUG] [openstudio.standards.standard] Adding curves from ashrae_90_1.curves.json
[15:13:43.687828 DEBUG] [openstudio.standards.standard] Adding entryways from ashrae_90_1.entryways.json
[15:13:43.687828 DEBUG] [openstudio.standards.standard] Adding fans from ashrae_90_1.fans.json
[15:13:43.719742 DEBUG] [openstudio.standards.standard] Adding materials from ashrae_90_1.materials.json
[15:13:43.720741 DEBUG] [openstudio.standards.standard] Adding parking from ashrae_90_1.parking.json
[15:13:43.857344 DEBUG] [openstudio.standards.standard] Adding schedules from ashrae_90_1.schedules.json
[15:13:43.858355 DEBUG] [openstudio.standards.standard] Loading JSON files from OpenStudio CLI embedded directory :/ruby/2.7.0/gems/openstudio-standards-0.5.0/lib/openstudio-standards/standards/ashrae_90_1/ashrae_90_1_2013
[15:13:43.861333 DEBUG] [openstudio.standards.standard] Adding boilers from ashrae_90_1_2013.boilers.json
[15:13:43.862331 DEBUG] [openstudio.standards.standard] Adding chillers from ashrae_90_1_2013.chillers.json
[15:13:43.870342 DEBUG] [openstudio.standards.standard] Adding construction_properties from ashrae_90_1_2013.construction_properties.json
[15:13:43.871333 DEBUG] [openstudio.standards.standard] Adding construction_sets from ashrae_90_1_2013.construction_sets.json
[15:13:43.872303 DEBUG] [openstudio.standards.standard] Adding economizers from ashrae_90_1_2013.economizers.json
[15:13:43.872303 DEBUG] [openstudio.standards.standard] Adding elevators from ashrae_90_1_2013.elevators.json
[15:13:43.873301 DEBUG] [openstudio.standards.standard] Adding energy_recovery from ashrae_90_1_2013.energy_recovery.json
[15:13:43.873301 DEBUG] [openstudio.standards.standard] Adding exterior_lighting from ashrae_90_1_2013.ext_ltg.json
[15:13:43.873301 DEBUG] [openstudio.standards.standard] Adding furnaces from ashrae_90_1_2013.furnaces.json
[15:13:43.879294 DEBUG] [openstudio.standards.standard] Adding ground_temperatures from ashrae_90_1_2013.ground_temperatures.json
[15:13:43.893278 DEBUG] [openstudio.standards.standard] Adding heat_pumps from ashrae_90_1_2013.heat_pumps.json
[15:13:43.893278 DEBUG] [openstudio.standards.standard] Adding heat_pumps_heating from ashrae_90_1_2013.heat_pumps_heating.json
[15:13:43.893278 DEBUG] [openstudio.standards.standard] Adding heat_rejection from ashrae_90_1_2013.heat_rejection.json
[15:13:43.894273 DEBUG] [openstudio.standards.standard] Adding motors from ashrae_90_1_2013.motors.json
[15:13:43.896266 DEBUG] [openstudio.standards.standard] Adding prototype_inputs from ashrae_90_1_2013.prototype_inputs.json
[15:13:43.897262 DEBUG] [openstudio.standards.standard] Adding refrigerated_cases from ashrae_90_1_2013.ref_cases.json
[15:13:43.897262 DEBUG] [openstudio.standards.standard] Adding refrigeration_system_lineup from ashrae_90_1_2013.ref_lnup.json
[15:13:43.897262 DEBUG] [openstudio.standards.standard] Adding refrigeration_compressors from ashrae_90_1_2013.refrigeration_compressors.json
[15:13:43.898261 DEBUG] [openstudio.standards.standard] Adding refrigeration_condenser from ashrae_90_1_2013.refrigeration_condenser.json
[15:13:43.898261 DEBUG] [openstudio.standards.standard] Adding refrigeration_system from ashrae_90_1_2013.refrigeration_system.json
[15:13:43.900230 DEBUG] [openstudio.standards.standard] Adding refrigeration_walkins from ashrae_90_1_2013.refrigeration_walkins.json
[15:13:43.915220 DEBUG] [openstudio.standards.standard] Adding space_types from ashrae_90_1_2013.spc_typ.json
[15:13:43.916221 DEBUG] [openstudio.standards.standard] Adding unitary_acs from ashrae_90_1_2013.unitary_acs.json
[15:13:43.917209 DEBUG] [openstudio.standards.standard] Adding water_heaters from ashrae_90_1_2013.water_heaters.json
[15:13:43.917209 DEBUG] [openstudio.standards.standard] Adding water_source_heat_pumps from ashrae_90_1_2013.water_source_heat_pumps.json
[15:13:43.917209 DEBUG] [openstudio.standards.standard] Adding water_source_heat_pumps_heating from ashrae_90_1_2013.water_source_heat_pumps_heating.json
[15:13:43.920207 DEBUG] [openstudio.workflow.OSWorkflow] Finished measure.energyPlusOutputRequests for 'OpenStudioResults', 11 output requests added
[15:13:43.920207 INFO] [openstudio.workflow.OSWorkflow] Finished collecting output requests from Reporting measures.
[15:13:43.920207 INFO] [openstudio.workflow.OSWorkflow] Running EnergyPlus Preprocess
[15:13:43.922196 INFO] [openstudio.workflow.OSWorkflow] Finished preprocess job for EnergyPlus simulation
[15:13:43.952121 DEBUG] [openstudio.workflow.OSWorkflow] Saved final IDF as C:/Users/GF/AppData/Local/Temp/osmodel-23d8-2452-5c91-47a3-1715930003-0/resources/run/in.idf
[15:13:43.952121 DEBUG] [openstudio.workflow.OSWorkflow] EnergyPlus - selected = true
[15:13:43.953114 DEBUG] [openstudio.OSWorkflow.prepareEnergyPlusDir] Original Directory: C:/openstudioapplication-1.7.1/bin
[15:13:43.953114 DEBUG] [openstudio.OSWorkflow.prepareEnergyPlusDir] Changing To run directory: C:/Users/GF/AppData/Local/Temp/osmodel-23d8-2452-5c91-47a3-1715930003-0/resources/run
[15:13:43.954084 DEBUG] [ApplicationPathHelpers] getOpenStudioModule, szPath = 'C:\openstudioapplication-1.7.1\bin\openstudiolib.dll'
[15:13:43.954084 DEBUG] [PathHelpers] completeAndNormalize: result = C:/openstudioapplication-1.7.1/bin/openstudiolib.dll
[15:13:43.954084 DEBUG] [ApplicationPathHelpers] getOpenStudioModule, found 'C:/openstudioapplication-1.7.1/bin/openstudiolib.dll'
[15:13:43.954084 DEBUG] [ApplicationPathHelpers] Searching for EnergyPlus in 'C:/openstudioapplication-1.7.1/EnergyPlus/energyplus.exe'
[15:13:43.955093 DEBUG] [PathHelpers] completeAndNormalize: result = C:/openstudioapplication-1.7.1/EnergyPlus/energyplus.exe
[15:13:43.955093 DEBUG] [ApplicationPathHelpers] Found EnergyPlus at 'C:/openstudioapplication-1.7.1/EnergyPlus/energyplus.exe'
[15:13:43.956080 DEBUG] [PathHelpers] completeAndNormalize: result = C:/openstudioapplication-1.7.1/EnergyPlus/energyplus.exe
[15:13:43.967050 INFO] [openstudio.OSWorkflow.prepareEnergyPlusDir] EnergyPlus executable path is C:/openstudioapplication-1.7.1/EnergyPlus/energyplus.exe
[15:13:43.968059 INFO] [openstudio.OSWorkflow.prepareEnergyPlusDir] ExpandObjects executable path is C:/openstudioapplication-1.7.1/EnergyPlus/ExpandObjects.exe
[15:13:43.968059 INFO] [openstudio.workflow.OSWorkflow] Starting simulation in run directory: C:/Users/GF/AppData/Local/Temp/osmodel-23d8-2452-5c91-47a3-1715930003-0/resources/run
[15:13:43.998002 INFO] [openstudio.workflow.OSWorkflow] Running command 'C:/openstudioapplication-1.7.1\EnergyPlus\ExpandObjects.exe'
[15:13:44.127496 INFO] [openstudio.workflow.OSWorkflow] Running command '"C:/openstudioapplication-1.7.1\EnergyPlus\energyplus.exe" in.idf'
[15:13:51.131117 INFO] [openstudio.workflow.OSWorkflow] EnergyPlus returned '0'
[15:13:51.131117 INFO] [openstudio.workflow.OSWorkflow] EnergyPlus finished with 16 warnings and 0 severe errors
[15:13:51.132083 INFO] [openstudio.OSWorkflow.prepareEnergyPlusDir] Removing any copied EnergyPlus files
[15:13:51.133080 DEBUG] [openstudio.OSWorkflow.prepareEnergyPlusDir] Changing Current Directory back to: C:/openstudioapplication-1.7.1/bin
[15:13:51.134077 DEBUG] [openstudio.workflow.OSWorkflow] ReportingMeasures - selected = true
[15:13:51.135075 INFO] [openstudio.workflow.OSWorkflow] Beginning to execute Reporting Measures.
[15:13:51.135075 DEBUG] [openstudio.workflow.OSWorkflow] Finding measures of type ReportingMeasure
[15:13:51.135075 DEBUG] [openstudio.workflow.OSWorkflow] Running step 0
[15:13:51.136072 DEBUG] [openstudio.workflow.OSWorkflow] Find model's weather file and update LastEpwFilePath
[15:13:51.136072 DEBUG] [openstudio.workflow.OSWorkflow] Search for weather file C:/Users/GF/AppData/Local/Temp/osmodel-23d8-2452-5c91-47a3-1715930003-0/resources/files/TWN_Taipei.466960_IWEC.epw
[15:13:51.137069 DEBUG] [openstudio.workflow.OSWorkflow] Creating run directory for measure in 'C:/Users/GF/AppData/Local/Temp/osmodel-23d8-2452-5c91-47a3-1715930003-0/resources/run/000_OpenStudioResults'
[15:13:51.142056 INFO] [openstudio.XMLValidator] Treating schema as a regular XSD
[15:13:51.160007 DEBUG] [openstudio.workflow.OSWorkflow] Found OpenStudioResults at primaryScriptPath: 'C:/Users/GF/AppData/Local/Temp/osmodel-23d8-2452-5c91-47a3-1715930003-0/resources/measures/OpenStudioResults/measure.rb'
[15:13:51.160007 DEBUG] [openstudio.workflow.OSWorkflow] Class Name: OpenStudioResults
[15:13:51.160007 DEBUG] [openstudio.workflow.OSWorkflow] Measure Script Path: C:/Users/GF/AppData/Local/Temp/osmodel-23d8-2452-5c91-47a3-1715930003-0/resources/measures/OpenStudioResults/measure.rb
[15:13:51.160007 DEBUG] [openstudio.workflow.OSWorkflow] Measure Type: ReportingMeasure
[15:13:51.160007 DEBUG] [openstudio.workflow.OSWorkflow] Measure Language: Ruby
[15:13:51.201927 DEBUG] [openstudio.workflow.OSWorkflow] measure->name()= 'OpenStudio Results'
[15:13:51.201927 DEBUG] [openstudio.workflow.OSWorkflow] Current step has 0 arguments
[15:13:51.206896 INFO] [openstudio.standards.standard] Using OpenStudio Standards version 0.5.0 with template 90.1-2013.
[15:13:51.207882 INFO] [openstudio.standards.standard] Loading OpenStudio Standards data for 90.1-2013
[15:13:51.207882 DEBUG] [openstudio.standards.standard] Loading JSON files from OpenStudio CLI embedded directory :/ruby/2.7.0/gems/openstudio-standards-0.5.0/lib/openstudio-standards/standards/ashrae_90_1
[15:13:51.211869 DEBUG] [openstudio.standards.standard] Adding hvac_inference from Any.hvac_inference.json
[15:13:51.211869 DEBUG] [openstudio.standards.standard] Adding size_category from Any.size_category.json
[15:13:51.211869 DEBUG] [openstudio.standards.standard] Adding climate_zone_sets from ashrae_90_1.climate_zone_sets.json
[15:13:51.212871 DEBUG] [openstudio.standards.standard] Adding climate_zones from ashrae_90_1.climate_zones.json
[15:13:51.214872 DEBUG] [openstudio.standards.standard] Adding constructions from ashrae_90_1.constructions.json
[15:13:51.228840 DEBUG] [openstudio.standards.standard] Adding curves from ashrae_90_1.curves.json
[15:13:51.228840 DEBUG] [openstudio.standards.standard] Adding entryways from ashrae_90_1.entryways.json
[15:13:51.228840 DEBUG] [openstudio.standards.standard] Adding fans from ashrae_90_1.fans.json
[15:13:51.271111 DEBUG] [openstudio.standards.standard] Adding materials from ashrae_90_1.materials.json
[15:13:51.272107 DEBUG] [openstudio.standards.standard] Adding parking from ashrae_90_1.parking.json
[15:13:51.417757 DEBUG] [openstudio.standards.standard] Adding schedules from ashrae_90_1.schedules.json
[15:13:51.418741 DEBUG] [openstudio.standards.standard] Loading JSON files from OpenStudio CLI embedded directory :/ruby/2.7.0/gems/openstudio-standards-0.5.0/lib/openstudio-standards/standards/ashrae_90_1/ashrae_90_1_2013
[15:13:51.422705 DEBUG] [openstudio.standards.standard] Adding boilers from ashrae_90_1_2013.boilers.json
[15:13:51.423702 DEBUG] [openstudio.standards.standard] Adding chillers from ashrae_90_1_2013.chillers.json
[15:13:51.434674 DEBUG] [openstudio.standards.standard] Adding construction_properties from ashrae_90_1_2013.construction_properties.json
[15:13:51.436695 DEBUG] [openstudio.standards.standard] Adding construction_sets from ashrae_90_1_2013.construction_sets.json
[15:13:51.437692 DEBUG] [openstudio.standards.standard] Adding economizers from ashrae_90_1_2013.economizers.json
[15:13:51.437692 DEBUG] [openstudio.standards.standard] Adding elevators from ashrae_90_1_2013.elevators.json
[15:13:51.438689 DEBUG] [openstudio.standards.standard] Adding energy_recovery from ashrae_90_1_2013.energy_recovery.json
[15:13:51.439688 DEBUG] [openstudio.standards.standard] Adding exterior_lighting from ashrae_90_1_2013.ext_ltg.json
[15:13:51.439688 DEBUG] [openstudio.standards.standard] Adding furnaces from ashrae_90_1_2013.furnaces.json
[15:13:51.463627 DEBUG] [openstudio.standards.standard] Adding ground_temperatures from ashrae_90_1_2013.ground_temperatures.json
[15:13:51.464593 DEBUG] [openstudio.standards.standard] Adding heat_pumps from ashrae_90_1_2013.heat_pumps.json
[15:13:51.464593 DEBUG] [openstudio.standards.standard] Adding heat_pumps_heating from ashrae_90_1_2013.heat_pumps_heating.json
[15:13:51.464593 DEBUG] [openstudio.standards.standard] Adding heat_rejection from ashrae_90_1_2013.heat_rejection.json
[15:13:51.464593 DEBUG] [openstudio.standards.standard] Adding motors from ashrae_90_1_2013.motors.json
[15:13:51.467612 DEBUG] [openstudio.standards.standard] Adding prototype_inputs from ashrae_90_1_2013.prototype_inputs.json
[15:13:51.468609 DEBUG] [openstudio.standards.standard] Adding refrigerated_cases from ashrae_90_1_2013.ref_cases.json
[15:13:51.469606 DEBUG] [openstudio.standards.standard] Adding refrigeration_system_lineup from ashrae_90_1_2013.ref_lnup.json
[15:13:51.469606 DEBUG] [openstudio.standards.standard] Adding refrigeration_compressors from ashrae_90_1_2013.refrigeration_compressors.json
[15:13:51.469606 DEBUG] [openstudio.standards.standard] Adding refrigeration_condenser from ashrae_90_1_2013.refrigeration_condenser.json
[15:13:51.469606 DEBUG] [openstudio.standards.standard] Adding refrigeration_system from ashrae_90_1_2013.refrigeration_system.json
[15:13:51.471604 DEBUG] [openstudio.standards.standard] Adding refrigeration_walkins from ashrae_90_1_2013.refrigeration_walkins.json
[15:13:51.489562 DEBUG] [openstudio.standards.standard] Adding space_types from ashrae_90_1_2013.spc_typ.json
[15:13:51.490550 DEBUG] [openstudio.standards.standard] Adding unitary_acs from ashrae_90_1_2013.unitary_acs.json
[15:13:51.490550 DEBUG] [openstudio.standards.standard] Adding water_heaters from ashrae_90_1_2013.water_heaters.json
[15:13:51.490550 DEBUG] [openstudio.standards.standard] Adding water_source_heat_pumps from ashrae_90_1_2013.water_source_heat_pumps.json
[15:13:51.490550 DEBUG] [openstudio.standards.standard] Adding water_source_heat_pumps_heating from ashrae_90_1_2013.water_source_heat_pumps_heating.json
[15:13:51.494514 DEBUG] [openstudio.workflow.OSWorkflow] argumentMap={"air_loops_detail_section": "true", "annual_overview_section": "true", "building_summary_section": "true", "cost_summary_section": "true", "envelope_section_section": "true", "exterior_light_section": "true", "hvac_load_profile": "true", "interior_lighting_section": "true", "measure_warning_section": "true", "monthly_overview_section": "true", "outdoor_air_section": "true", "plant_loops_detail_section": "true", "plug_loads_section": "true", "reg_monthly_details": "false", "schedules_overview_section": "true", "source_energy_section": "true", "space_type_breakdown_section": "true", "space_type_details_section": "true", "units": "IP", "utility_bills_rates_section": "true", "water_use_section": "true", "zone_condition_section": "true", "zone_equipment_detail_section": "true", "zone_summary_section": "true"}
[15:13:51.504520 DEBUG] [openstudio.energyplus.SqlFile] Dictionary Built
[15:13:51.720352 INFO] [openstudio.standards.standard] Using OpenStudio Standards version 0.5.0 with template 90.1-2013.
[15:13:51.721354 INFO] [openstudio.standards.standard] Loading OpenStudio Standards data for 90.1-2013
[15:13:51.721354 DEBUG] [openstudio.standards.standard] Loading JSON files from OpenStudio CLI embedded directory :/ruby/2.7.0/gems/openstudio-standards-0.5.0/lib/openstudio-standards/standards/ashrae_90_1
[15:13:51.724343 DEBUG] [openstudio.standards.standard] Adding hvac_inference from Any.hvac_inference.json
[15:13:51.724343 DEBUG] [openstudio.standards.standard] Adding size_category from Any.size_category.json
[15:13:51.724343 DEBUG] [openstudio.standards.standard] Adding climate_zone_sets from ashrae_90_1.climate_zone_sets.json
[15:13:51.724343 DEBUG] [openstudio.standards.standard] Adding climate_zones from ashrae_90_1.climate_zones.json
[15:13:51.726337 DEBUG] [openstudio.standards.standard] Adding constructions from ashrae_90_1.constructions.json
[15:13:51.737308 DEBUG] [openstudio.standards.standard] Adding curves from ashrae_90_1.curves.json
[15:13:51.737308 DEBUG] [openstudio.standards.standard] Adding entryways from ashrae_90_1.entryways.json
[15:13:51.737308 DEBUG] [openstudio.standards.standard] Adding fans from ashrae_90_1.fans.json
[15:13:51.768226 DEBUG] [openstudio.standards.standard] Adding materials from ashrae_90_1.materials.json
[15:13:51.768226 DEBUG] [openstudio.standards.standard] Adding parking from ashrae_90_1.parking.json
[15:13:51.915863 DEBUG] [openstudio.standards.standard] Adding schedules from ashrae_90_1.schedules.json
[15:13:51.915863 DEBUG] [openstudio.standards.standard] Loading JSON files from OpenStudio CLI embedded directory :/ruby/2.7.0/gems/openstudio-standards-0.5.0/lib/openstudio-standards/standards/ashrae_90_1/ashrae_90_1_2013
[15:13:51.919854 DEBUG] [openstudio.standards.standard] Adding boilers from ashrae_90_1_2013.boilers.json
[15:13:51.919854 DEBUG] [openstudio.standards.standard] Adding chillers from ashrae_90_1_2013.chillers.json
[15:13:51.927833 DEBUG] [openstudio.standards.standard] Adding construction_properties from ashrae_90_1_2013.construction_properties.json
[15:13:51.929827 DEBUG] [openstudio.standards.standard] Adding construction_sets from ashrae_90_1_2013.construction_sets.json
[15:13:51.929827 DEBUG] [openstudio.standards.standard] Adding economizers from ashrae_90_1_2013.economizers.json
[15:13:51.929827 DEBUG] [openstudio.standards.standard] Adding elevators from ashrae_90_1_2013.elevators.json
[15:13:51.930823 DEBUG] [openstudio.standards.standard] Adding energy_recovery from ashrae_90_1_2013.energy_recovery.json
[15:13:51.930823 DEBUG] [openstudio.standards.standard] Adding exterior_lighting from ashrae_90_1_2013.ext_ltg.json
[15:13:51.930823 DEBUG] [openstudio.standards.standard] Adding furnaces from ashrae_90_1_2013.furnaces.json
[15:13:51.936807 DEBUG] [openstudio.standards.standard] Adding ground_temperatures from ashrae_90_1_2013.ground_temperatures.json
[15:13:51.937806 DEBUG] [openstudio.standards.standard] Adding heat_pumps from ashrae_90_1_2013.heat_pumps.json
[15:13:51.937806 DEBUG] [openstudio.standards.standard] Adding heat_pumps_heating from ashrae_90_1_2013.heat_pumps_heating.json
[15:13:51.937806 DEBUG] [openstudio.standards.standard] Adding heat_rejection from ashrae_90_1_2013.heat_rejection.json
[15:13:51.938801 DEBUG] [openstudio.standards.standard] Adding motors from ashrae_90_1_2013.motors.json
[15:13:51.940798 DEBUG] [openstudio.standards.standard] Adding prototype_inputs from ashrae_90_1_2013.prototype_inputs.json
[15:13:51.941794 DEBUG] [openstudio.standards.standard] Adding refrigerated_cases from ashrae_90_1_2013.ref_cases.json
[15:13:51.941794 DEBUG] [openstudio.standards.standard] Adding refrigeration_system_lineup from ashrae_90_1_2013.ref_lnup.json
[15:13:51.941794 DEBUG] [openstudio.standards.standard] Adding refrigeration_compressors from ashrae_90_1_2013.refrigeration_compressors.json
[15:13:51.941794 DEBUG] [openstudio.standards.standard] Adding refrigeration_condenser from ashrae_90_1_2013.refrigeration_condenser.json
[15:13:51.941794 DEBUG] [openstudio.standards.standard] Adding refrigeration_system from ashrae_90_1_2013.refrigeration_system.json
[15:13:51.943790 DEBUG] [openstudio.standards.standard] Adding refrigeration_walkins from ashrae_90_1_2013.refrigeration_walkins.json
[15:13:51.974710 DEBUG] [openstudio.standards.standard] Adding space_types from ashrae_90_1_2013.spc_typ.json
[15:13:51.975705 DEBUG] [openstudio.standards.standard] Adding unitary_acs from ashrae_90_1_2013.unitary_acs.json
[15:13:51.975705 DEBUG] [openstudio.standards.standard] Adding water_heaters from ashrae_90_1_2013.water_heaters.json
[15:13:51.975705 DEBUG] [openstudio.standards.standard] Adding water_source_heat_pumps from ashrae_90_1_2013.water_source_heat_pumps.json
[15:13:51.975705 DEBUG] [openstudio.standards.standard] Adding water_source_heat_pumps_heating from ashrae_90_1_2013.water_source_heat_pumps_heating.json
[15:13:51.977699 INFO] [openstudio.measure.OSRunner] Gathering data from EnergyPlus SQL file and OSM model. Will report in IP Units
[15:13:52.070419 INFO] [openstudio.XMLValidator] Treating schema as a regular XSD
[15:13:55.588151 INFO] [openstudio.standards.standard] Using OpenStudio Standards version 0.5.0 with template 90.1-2013.
[15:13:55.588151 INFO] [openstudio.standards.standard] Loading OpenStudio Standards data for 90.1-2013
[15:13:55.588151 DEBUG] [openstudio.standards.standard] Loading JSON files from OpenStudio CLI embedded directory :/ruby/2.7.0/gems/openstudio-standards-0.5.0/lib/openstudio-standards/standards/ashrae_90_1
[15:13:55.592161 DEBUG] [openstudio.standards.standard] Adding hvac_inference from Any.hvac_inference.json
[15:13:55.592161 DEBUG] [openstudio.standards.standard] Adding size_category from Any.size_category.json
[15:13:55.592161 DEBUG] [openstudio.standards.standard] Adding climate_zone_sets from ashrae_90_1.climate_zone_sets.json
[15:13:55.592161 DEBUG] [openstudio.standards.standard] Adding climate_zones from ashrae_90_1.climate_zones.json
[15:13:55.595133 DEBUG] [openstudio.standards.standard] Adding constructions from ashrae_90_1.constructions.json
[15:13:55.606104 DEBUG] [openstudio.standards.standard] Adding curves from ashrae_90_1.curves.json
[15:13:55.606104 DEBUG] [openstudio.standards.standard] Adding entryways from ashrae_90_1.entryways.json
[15:13:55.606104 DEBUG] [openstudio.standards.standard] Adding fans from ashrae_90_1.fans.json
[15:13:55.638018 DEBUG] [openstudio.standards.standard] Adding materials from ashrae_90_1.materials.json
[15:13:55.639016 DEBUG] [openstudio.standards.standard] Adding parking from ashrae_90_1.parking.json
[15:13:55.788654 DEBUG] [openstudio.standards.standard] Adding schedules from ashrae_90_1.schedules.json
[15:13:55.789645 DEBUG] [openstudio.standards.standard] Loading JSON files from OpenStudio CLI embedded directory :/ruby/2.7.0/gems/openstudio-standards-0.5.0/lib/openstudio-standards/standards/ashrae_90_1/ashrae_90_1_2013
[15:13:55.792637 DEBUG] [openstudio.standards.standard] Adding boilers from ashrae_90_1_2013.boilers.json
[15:13:55.793637 DEBUG] [openstudio.standards.standard] Adding chillers from ashrae_90_1_2013.chillers.json
[15:13:55.801615 DEBUG] [openstudio.standards.standard] Adding construction_properties from ashrae_90_1_2013.construction_properties.json
[15:13:55.802611 DEBUG] [openstudio.standards.standard] Adding construction_sets from ashrae_90_1_2013.construction_sets.json
[15:13:55.803608 DEBUG] [openstudio.standards.standard] Adding economizers from ashrae_90_1_2013.economizers.json
[15:13:55.803608 DEBUG] [openstudio.standards.standard] Adding elevators from ashrae_90_1_2013.elevators.json
[15:13:55.804607 DEBUG] [openstudio.standards.standard] Adding energy_recovery from ashrae_90_1_2013.energy_recovery.json
[15:13:55.804607 DEBUG] [openstudio.standards.standard] Adding exterior_lighting from ashrae_90_1_2013.ext_ltg.json
[15:13:55.804607 DEBUG] [openstudio.standards.standard] Adding furnaces from ashrae_90_1_2013.furnaces.json
[15:13:55.811587 DEBUG] [openstudio.standards.standard] Adding ground_temperatures from ashrae_90_1_2013.ground_temperatures.json
[15:13:55.812593 DEBUG] [openstudio.standards.standard] Adding heat_pumps from ashrae_90_1_2013.heat_pumps.json
[15:13:55.812593 DEBUG] [openstudio.standards.standard] Adding heat_pumps_heating from ashrae_90_1_2013.heat_pumps_heating.json
[15:13:55.812593 DEBUG] [openstudio.standards.standard] Adding heat_rejection from ashrae_90_1_2013.heat_rejection.json
[15:13:55.812593 DEBUG] [openstudio.standards.standard] Adding motors from ashrae_90_1_2013.motors.json
[15:13:55.815575 DEBUG] [openstudio.standards.standard] Adding prototype_inputs from ashrae_90_1_2013.prototype_inputs.json
[15:13:55.816573 DEBUG] [openstudio.standards.standard] Adding refrigerated_cases from ashrae_90_1_2013.ref_cases.json
[15:13:55.816573 DEBUG] [openstudio.standards.standard] Adding refrigeration_system_lineup from ashrae_90_1_2013.ref_lnup.json
[15:13:55.816573 DEBUG] [openstudio.standards.standard] Adding refrigeration_compressors from ashrae_90_1_2013.refrigeration_compressors.json
[15:13:55.817573 DEBUG] [openstudio.standards.standard] Adding refrigeration_condenser from ashrae_90_1_2013.refrigeration_condenser.json
[15:13:55.817573 DEBUG] [openstudio.standards.standard] Adding refrigeration_system from ashrae_90_1_2013.refrigeration_system.json
[15:13:55.818567 DEBUG] [openstudio.standards.standard] Adding refrigeration_walkins from ashrae_90_1_2013.refrigeration_walkins.json
[15:13:55.835522 DEBUG] [openstudio.standards.standard] Adding space_types from ashrae_90_1_2013.spc_typ.json
[15:13:55.836522 DEBUG] [openstudio.standards.standard] Adding unitary_acs from ashrae_90_1_2013.unitary_acs.json
[15:13:55.836522 DEBUG] [openstudio.standards.standard] Adding water_heaters from ashrae_90_1_2013.water_heaters.json
[15:13:55.836522 DEBUG] [openstudio.standards.standard] Adding water_source_heat_pumps from ashrae_90_1_2013.water_source_heat_pumps.json
[15:13:55.837518 DEBUG] [openstudio.standards.standard] Adding water_source_heat_pumps_heating from ashrae_90_1_2013.water_source_heat_pumps_heating.json
[15:13:55.850482 INFO] [openstudio.standards.standard] Using OpenStudio Standards version 0.5.0 with template 90.1-2013.
[15:13:55.850482 INFO] [openstudio.standards.standard] Loading OpenStudio Standards data for 90.1-2013
[15:13:55.850482 DEBUG] [openstudio.standards.standard] Loading JSON files from OpenStudio CLI embedded directory :/ruby/2.7.0/gems/openstudio-standards-0.5.0/lib/openstudio-standards/standards/ashrae_90_1
[15:13:55.856467 DEBUG] [openstudio.standards.standard] Adding hvac_inference from Any.hvac_inference.json
[15:13:55.856467 DEBUG] [openstudio.standards.standard] Adding size_category from Any.size_category.json
[15:13:55.856467 DEBUG] [openstudio.standards.standard] Adding climate_zone_sets from ashrae_90_1.climate_zone_sets.json
[15:13:55.856467 DEBUG] [openstudio.standards.standard] Adding climate_zones from ashrae_90_1.climate_zones.json
[15:13:55.859459 DEBUG] [openstudio.standards.standard] Adding constructions from ashrae_90_1.constructions.json
[15:13:55.869431 DEBUG] [openstudio.standards.standard] Adding curves from ashrae_90_1.curves.json
[15:13:55.869431 DEBUG] [openstudio.standards.standard] Adding entryways from ashrae_90_1.entryways.json
[15:13:55.870430 DEBUG] [openstudio.standards.standard] Adding fans from ashrae_90_1.fans.json
[15:13:55.899352 DEBUG] [openstudio.standards.standard] Adding materials from ashrae_90_1.materials.json
[15:13:55.900351 DEBUG] [openstudio.standards.standard] Adding parking from ashrae_90_1.parking.json
[15:13:56.029970 DEBUG] [openstudio.standards.standard] Adding schedules from ashrae_90_1.schedules.json
[15:13:56.029970 DEBUG] [openstudio.standards.standard] Loading JSON files from OpenStudio CLI embedded directory :/ruby/2.7.0/gems/openstudio-standards-0.5.0/lib/openstudio-standards/standards/ashrae_90_1/ashrae_90_1_2013
[15:13:56.032962 DEBUG] [openstudio.standards.standard] Adding boilers from ashrae_90_1_2013.boilers.json
[15:13:56.033959 DEBUG] [openstudio.standards.standard] Adding chillers from ashrae_90_1_2013.chillers.json
[15:13:56.040941 DEBUG] [openstudio.standards.standard] Adding construction_properties from ashrae_90_1_2013.construction_properties.json
[15:13:56.041938 DEBUG] [openstudio.standards.standard] Adding construction_sets from ashrae_90_1_2013.construction_sets.json
[15:13:56.042935 DEBUG] [openstudio.standards.standard] Adding economizers from ashrae_90_1_2013.economizers.json
[15:13:56.042935 DEBUG] [openstudio.standards.standard] Adding elevators from ashrae_90_1_2013.elevators.json
[15:13:56.043933 DEBUG] [openstudio.standards.standard] Adding energy_recovery from ashrae_90_1_2013.energy_recovery.json
[15:13:56.043933 DEBUG] [openstudio.standards.standard] Adding exterior_lighting from ashrae_90_1_2013.ext_ltg.json
[15:13:56.043933 DEBUG] [openstudio.standards.standard] Adding furnaces from ashrae_90_1_2013.furnaces.json
[15:13:56.048919 DEBUG] [openstudio.standards.standard] Adding ground_temperatures from ashrae_90_1_2013.ground_temperatures.json
[15:13:56.049917 DEBUG] [openstudio.standards.standard] Adding heat_pumps from ashrae_90_1_2013.heat_pumps.json
[15:13:56.049917 DEBUG] [openstudio.standards.standard] Adding heat_pumps_heating from ashrae_90_1_2013.heat_pumps_heating.json
[15:13:56.049917 DEBUG] [openstudio.standards.standard] Adding heat_rejection from ashrae_90_1_2013.heat_rejection.json
[15:13:56.050914 DEBUG] [openstudio.standards.standard] Adding motors from ashrae_90_1_2013.motors.json
[15:13:56.051911 DEBUG] [openstudio.standards.standard] Adding prototype_inputs from ashrae_90_1_2013.prototype_inputs.json
[15:13:56.052909 DEBUG] [openstudio.standards.standard] Adding refrigerated_cases from ashrae_90_1_2013.ref_cases.json
[15:13:56.053906 DEBUG] [openstudio.standards.standard] Adding refrigeration_system_lineup from ashrae_90_1_2013.ref_lnup.json
[15:13:56.053906 DEBUG] [openstudio.standards.standard] Adding refrigeration_compressors from ashrae_90_1_2013.refrigeration_compressors.json
[15:13:56.053906 DEBUG] [openstudio.standards.standard] Adding refrigeration_condenser from ashrae_90_1_2013.refrigeration_condenser.json
[15:13:56.053906 DEBUG] [openstudio.standards.standard] Adding refrigeration_system from ashrae_90_1_2013.refrigeration_system.json
[15:13:56.054903 DEBUG] [openstudio.standards.standard] Adding refrigeration_walkins from ashrae_90_1_2013.refrigeration_walkins.json
[15:13:56.071890 DEBUG] [openstudio.standards.standard] Adding space_types from ashrae_90_1_2013.spc_typ.json
[15:13:56.071890 DEBUG] [openstudio.standards.standard] Adding unitary_acs from ashrae_90_1_2013.unitary_acs.json
[15:13:56.072890 DEBUG] [openstudio.standards.standard] Adding water_heaters from ashrae_90_1_2013.water_heaters.json
[15:13:56.072890 DEBUG] [openstudio.standards.standard] Adding water_source_heat_pumps from ashrae_90_1_2013.water_source_heat_pumps.json
[15:13:56.072890 DEBUG] [openstudio.standards.standard] Adding water_source_heat_pumps_heating from ashrae_90_1_2013.water_source_heat_pumps_heating.json
[15:13:56.384145 DEBUG] [openstudio.energyplus.SqlFile] Making time series for envPeriod = 'RUN PERIOD 1', reportingFrequency = 'Monthly', timeSeriesName = 'Site Outdoor Air Drybulb Temperature', keyValue = 'Environment'
[15:13:56.384145 DEBUG] [openstudio.energyplus.SqlFile] RUN PERIOD 1
[15:13:56.384145 DEBUG] [openstudio.energyplus.SqlFile] Site Outdoor Air Drybulb Temperature
[15:13:56.385127 DEBUG] [openstudio.energyplus.SqlFile] SQL Query:
SELECT dt.VariableValue, Time.Year, Time.Month, Time.Day, Time.Interval FROM ReportVariableData dt INNER JOIN Time ON Time.timeIndex = dt.TimeIndex WHERE  dt.ReportVariableDataDictionaryIndex=8 AND Time.EnvironmentPeriodIndex = 8Return Code:
100
[15:13:56.385127 DEBUG] [openstudio.energyplus.SqlFile] Time series found
[15:13:56.387119 DEBUG] [openstudio.energyplus.SqlFile] Making time series for envPeriod = 'RUN PERIOD 1', reportingFrequency = 'Hourly', timeSeriesName = 'Zone Air Temperature', keyValue = 'THERMAL ZONE 1'
[15:13:56.387119 DEBUG] [openstudio.energyplus.SqlFile] RUN PERIOD 1
[15:13:56.387119 DEBUG] [openstudio.energyplus.SqlFile] Zone Air Temperature
[15:13:56.387119 DEBUG] [openstudio.energyplus.SqlFile] SQL Query:
SELECT dt.VariableValue, Time.Year, Time.Month, Time.Day, Time.Interval FROM ReportVariableData dt INNER JOIN Time ON Time.timeIndex = dt.TimeIndex WHERE  dt.ReportVariableDataDictionaryIndex=453 AND Time.EnvironmentPeriodIndex = 8Return Code:
100
[15:13:56.399097 DEBUG] [openstudio.energyplus.SqlFile] Time series found
[15:13:56.433000 DEBUG] [openstudio.energyplus.SqlFile] Making time series for envPeriod = 'RUN PERIOD 1', reportingFrequency = 'Hourly', timeSeriesName = 'Zone Air Temperature', keyValue = 'THERMAL ZONE 2'
[15:13:56.433000 DEBUG] [openstudio.energyplus.SqlFile] RUN PERIOD 1
[15:13:56.433000 DEBUG] [openstudio.energyplus.SqlFile] Zone Air Temperature
[15:13:56.433000 DEBUG] [openstudio.energyplus.SqlFile] SQL Query:
SELECT dt.VariableValue, Time.Year, Time.Month, Time.Day, Time.Interval FROM ReportVariableData dt INNER JOIN Time ON Time.timeIndex = dt.TimeIndex WHERE  dt.ReportVariableDataDictionaryIndex=591 AND Time.EnvironmentPeriodIndex = 8Return Code:
100
[15:13:56.445968 DEBUG] [openstudio.energyplus.SqlFile] Time series found
[15:13:56.481866 DEBUG] [openstudio.energyplus.SqlFile] Making time series for envPeriod = 'RUN PERIOD 1', reportingFrequency = 'Hourly', timeSeriesName = 'Zone Air Temperature', keyValue = 'THERMAL ZONE 3'
[15:13:56.481866 DEBUG] [openstudio.energyplus.SqlFile] RUN PERIOD 1
[15:13:56.481866 DEBUG] [openstudio.energyplus.SqlFile] Zone Air Temperature
[15:13:56.481866 DEBUG] [openstudio.energyplus.SqlFile] SQL Query:
SELECT dt.VariableValue, Time.Year, Time.Month, Time.Day, Time.Interval FROM ReportVariableData dt INNER JOIN Time ON Time.timeIndex = dt.TimeIndex WHERE  dt.ReportVariableDataDictionaryIndex=657 AND Time.EnvironmentPeriodIndex = 8Return Code:
100
[15:13:56.493840 DEBUG] [openstudio.energyplus.SqlFile] Time series found
[15:13:56.529740 DEBUG] [openstudio.energyplus.SqlFile] Making time series for envPeriod = 'RUN PERIOD 1', reportingFrequency = 'Hourly', timeSeriesName = 'Zone Air Relative Humidity', keyValue = 'THERMAL ZONE 1'
[15:13:56.529740 DEBUG] [openstudio.energyplus.SqlFile] RUN PERIOD 1
[15:13:56.529740 DEBUG] [openstudio.energyplus.SqlFile] Zone Air Relative Humidity
[15:13:56.530737 DEBUG] [openstudio.energyplus.SqlFile] SQL Query:
SELECT dt.VariableValue, Time.Year, Time.Month, Time.Day, Time.Interval FROM ReportVariableData dt INNER JOIN Time ON Time.timeIndex = dt.TimeIndex WHERE  dt.ReportVariableDataDictionaryIndex=455 AND Time.EnvironmentPeriodIndex = 8Return Code:
100
[15:13:56.542706 DEBUG] [openstudio.energyplus.SqlFile] Time series found
[15:13:56.578607 DEBUG] [openstudio.energyplus.SqlFile] Making time series for envPeriod = 'RUN PERIOD 1', reportingFrequency = 'Hourly', timeSeriesName = 'Zone Air Relative Humidity', keyValue = 'THERMAL ZONE 2'
[15:13:56.578607 DEBUG] [openstudio.energyplus.SqlFile] RUN PERIOD 1
[15:13:56.578607 DEBUG] [openstudio.energyplus.SqlFile] Zone Air Relative Humidity
[15:13:56.578607 DEBUG] [openstudio.energyplus.SqlFile] SQL Query:
SELECT dt.VariableValue, Time.Year, Time.Month, Time.Day, Time.Interval FROM ReportVariableData dt INNER JOIN Time ON Time.timeIndex = dt.TimeIndex WHERE  dt.ReportVariableDataDictionaryIndex=593 AND Time.EnvironmentPeriodIndex = 8Return Code:
100
[15:13:56.590585 DEBUG] [openstudio.energyplus.SqlFile] Time series found
[15:13:56.621492 DEBUG] [openstudio.energyplus.SqlFile] Making time series for envPeriod = 'RUN PERIOD 1', reportingFrequency = 'Hourly', timeSeriesName = 'Zone Air Relative Humidity', keyValue = 'THERMAL ZONE 3'
[15:13:56.621492 DEBUG] [openstudio.energyplus.SqlFile] RUN PERIOD 1
[15:13:56.621492 DEBUG] [openstudio.energyplus.SqlFile] Zone Air Relative Humidity
[15:13:56.621492 DEBUG] [openstudio.energyplus.SqlFile] SQL Query:
SELECT dt.VariableValue, Time.Year, Time.Month, Time.Day, Time.Interval FROM ReportVariableData dt INNER JOIN Time ON Time.timeIndex = dt.TimeIndex WHERE  dt.ReportVariableDataDictionaryIndex=659 AND Time.EnvironmentPeriodIndex = 8Return Code:
100
[15:13:56.634469 DEBUG] [openstudio.energyplus.SqlFile] Time series found
[15:13:57.140085 INFO] [openstudio.XMLValidator] Treating schema as a regular XSD
[15:13:57.214732 INFO] [openstudio.measure.OSRunner] Generated report with 22 sections to ./report.html.
[15:13:57.215730 DEBUG] [openstudio.workflow.OSWorkflow] Step Result: Success
[15:13:57.215730 INFO] [openstudio.workflow.OSWorkflow] Finished applying Reporting Measures.
[15:13:57.228695 DEBUG] [openstudio.workflow.OSWorkflow] PostProcess - selected = true
[15:13:57.228695 INFO] [openstudio.workflow.OSWorkflow] Gathering reports
[15:13:57.229692 INFO] [openstudio.workflow.Util] Run directory: C:/Users/GF/AppData/Local/Temp/osmodel-23d8-2452-5c91-47a3-1715930003-0/resources/run
[15:13:57.230697 INFO] [openstudio.workflow.Util] Reports directoryC:/Users/GF/AppData/Local/Temp/osmodel-23d8-2452-5c91-47a3-1715930003-0/resources
[15:13:57.230697 INFO] [openstudio.workflow.Util] Saving EnergyPlus HTML report to C:/Users/GF/AppData/Local/Temp/osmodel-23d8-2452-5c91-47a3-1715930003-0/resources/reports/eplustbl.html
[15:13:57.235689 INFO] [openstudio.XMLValidator] Treating schema as a regular XSD
[15:13:57.251634 INFO] [openstudio.workflow.Util] Saving report C:/Users/GF/AppData/Local/Temp/osmodel-23d8-2452-5c91-47a3-1715930003-0/resources/run/000_OpenStudioResults/report.html to C:/Users/GF/AppData/Local/Temp/osmodel-23d8-2452-5c91-47a3-1715930003-0/resources/reports/openstudio_results_report.html
[15:13:57.254639 INFO] [openstudio.workflow.OSWorkflow] Finished gathering reports
[15:13:57.254639 DEBUG] [openstudio.workflow.OSWorkflow] Cleanup - selected = true
[15:13:57.254639 INFO] [openstudio.workflow.OSWorkflow] Beginning cleanup of the run directory
[15:13:57.257618 INFO] [openstudio.workflow.OSWorkflow] Finished cleanup of the run directory
[15:13:58.297460 INFO] [openstudio.XMLValidator] Treating schema as a regular XSD
